   1               		.file	"eeconfig.c"
   2               	__SP_H__ = 0x3e
   3               	__SP_L__ = 0x3d
   4               	__SREG__ = 0x3f
   5               	__tmp_reg__ = 0
   6               	__zero_reg__ = 1
   7               		.text
   8               	.Ltext0:
   9               		.cfi_sections	.debug_frame
  10               		.section	.text.eeconfig_init,"ax",@progbits
  11               	.global	eeconfig_init
  13               	eeconfig_init:
  14               	.LFB0:
  15               		.file 1 "../../tmk_core/common/avr/eeconfig.c"
   1:../../tmk_core/common/avr/eeconfig.c **** #include <stdint.h>
   2:../../tmk_core/common/avr/eeconfig.c **** #include <stdbool.h>
   3:../../tmk_core/common/avr/eeconfig.c **** #include <avr/eeprom.h>
   4:../../tmk_core/common/avr/eeconfig.c **** #include "eeconfig.h"
   5:../../tmk_core/common/avr/eeconfig.c **** 
   6:../../tmk_core/common/avr/eeconfig.c **** void eeconfig_init(void)
   7:../../tmk_core/common/avr/eeconfig.c **** {
  16               		.loc 1 7 0
  17               		.cfi_startproc
  18               	/* prologue: function */
  19               	/* frame size = 0 */
  20               	/* stack size = 0 */
  21               	.L__stack_usage = 0
   8:../../tmk_core/common/avr/eeconfig.c ****     eeprom_write_word(EECONFIG_MAGIC,          EECONFIG_MAGIC_NUMBER);
  22               		.loc 1 8 0
  23 0000 6DEE      		ldi r22,lo8(-19)
  24 0002 7EEF      		ldi r23,lo8(-2)
  25 0004 90E0      		ldi r25,0
  26 0006 80E0      		ldi r24,0
  27 0008 0E94 0000 		call eeprom_write_word
  28               	.LVL0:
   9:../../tmk_core/common/avr/eeconfig.c ****     eeprom_write_byte(EECONFIG_DEBUG,          0);
  29               		.loc 1 9 0
  30 000c 60E0      		ldi r22,0
  31 000e 82E0      		ldi r24,lo8(2)
  32 0010 90E0      		ldi r25,0
  33 0012 0E94 0000 		call eeprom_write_byte
  34               	.LVL1:
  10:../../tmk_core/common/avr/eeconfig.c ****     eeprom_write_byte(EECONFIG_DEFAULT_LAYER,  0);
  35               		.loc 1 10 0
  36 0016 60E0      		ldi r22,0
  37 0018 83E0      		ldi r24,lo8(3)
  38 001a 90E0      		ldi r25,0
  39 001c 0E94 0000 		call eeprom_write_byte
  40               	.LVL2:
  11:../../tmk_core/common/avr/eeconfig.c ****     eeprom_write_byte(EECONFIG_KEYMAP,         0);
  41               		.loc 1 11 0
  42 0020 60E0      		ldi r22,0
  43 0022 84E0      		ldi r24,lo8(4)
  44 0024 90E0      		ldi r25,0
  45 0026 0E94 0000 		call eeprom_write_byte
  46               	.LVL3:
  12:../../tmk_core/common/avr/eeconfig.c ****     eeprom_write_byte(EECONFIG_MOUSEKEY_ACCEL, 0);
  47               		.loc 1 12 0
  48 002a 60E0      		ldi r22,0
  49 002c 85E0      		ldi r24,lo8(5)
  50 002e 90E0      		ldi r25,0
  51 0030 0C94 0000 		jmp eeprom_write_byte
  52               	.LVL4:
  53               		.cfi_endproc
  54               	.LFE0:
  56               		.section	.text.eeconfig_enable,"ax",@progbits
  57               	.global	eeconfig_enable
  59               	eeconfig_enable:
  60               	.LFB1:
  13:../../tmk_core/common/avr/eeconfig.c **** #ifdef BACKLIGHT_ENABLE
  14:../../tmk_core/common/avr/eeconfig.c ****     eeprom_write_byte(EECONFIG_BACKLIGHT,      0);
  15:../../tmk_core/common/avr/eeconfig.c **** #endif
  16:../../tmk_core/common/avr/eeconfig.c **** }
  17:../../tmk_core/common/avr/eeconfig.c **** 
  18:../../tmk_core/common/avr/eeconfig.c **** void eeconfig_enable(void)
  19:../../tmk_core/common/avr/eeconfig.c **** {
  61               		.loc 1 19 0
  62               		.cfi_startproc
  63               	/* prologue: function */
  64               	/* frame size = 0 */
  65               	/* stack size = 0 */
  66               	.L__stack_usage = 0
  20:../../tmk_core/common/avr/eeconfig.c ****     eeprom_write_word(EECONFIG_MAGIC, EECONFIG_MAGIC_NUMBER);
  67               		.loc 1 20 0
  68 0000 6DEE      		ldi r22,lo8(-19)
  69 0002 7EEF      		ldi r23,lo8(-2)
  70 0004 90E0      		ldi r25,0
  71 0006 80E0      		ldi r24,0
  72 0008 0C94 0000 		jmp eeprom_write_word
  73               	.LVL5:
  74               		.cfi_endproc
  75               	.LFE1:
  77               		.section	.text.eeconfig_disable,"ax",@progbits
  78               	.global	eeconfig_disable
  80               	eeconfig_disable:
  81               	.LFB2:
  21:../../tmk_core/common/avr/eeconfig.c **** }
  22:../../tmk_core/common/avr/eeconfig.c **** 
  23:../../tmk_core/common/avr/eeconfig.c **** void eeconfig_disable(void)
  24:../../tmk_core/common/avr/eeconfig.c **** {
  82               		.loc 1 24 0
  83               		.cfi_startproc
  84               	/* prologue: function */
  85               	/* frame size = 0 */
  86               	/* stack size = 0 */
  87               	.L__stack_usage = 0
  25:../../tmk_core/common/avr/eeconfig.c ****     eeprom_write_word(EECONFIG_MAGIC, 0xFFFF);
  88               		.loc 1 25 0
  89 0000 6FEF      		ldi r22,lo8(-1)
  90 0002 7FEF      		ldi r23,lo8(-1)
  91 0004 90E0      		ldi r25,0
  92 0006 80E0      		ldi r24,0
  93 0008 0C94 0000 		jmp eeprom_write_word
  94               	.LVL6:
  95               		.cfi_endproc
  96               	.LFE2:
  98               		.section	.text.eeconfig_is_enabled,"ax",@progbits
  99               	.global	eeconfig_is_enabled
 101               	eeconfig_is_enabled:
 102               	.LFB3:
  26:../../tmk_core/common/avr/eeconfig.c **** }
  27:../../tmk_core/common/avr/eeconfig.c **** 
  28:../../tmk_core/common/avr/eeconfig.c **** bool eeconfig_is_enabled(void)
  29:../../tmk_core/common/avr/eeconfig.c **** {
 103               		.loc 1 29 0
 104               		.cfi_startproc
 105               	/* prologue: function */
 106               	/* frame size = 0 */
 107               	/* stack size = 0 */
 108               	.L__stack_usage = 0
  30:../../tmk_core/common/avr/eeconfig.c ****     return (eeprom_read_word(EECONFIG_MAGIC) == EECONFIG_MAGIC_NUMBER);
 109               		.loc 1 30 0
 110 0000 90E0      		ldi r25,0
 111 0002 80E0      		ldi r24,0
 112 0004 0E94 0000 		call eeprom_read_word
 113               	.LVL7:
 114 0008 21E0      		ldi r18,lo8(1)
 115 000a 8D3E      		cpi r24,-19
 116 000c 9E4F      		sbci r25,-2
 117 000e 01F0      		breq .L5
 118 0010 20E0      		ldi r18,0
 119               	.L5:
  31:../../tmk_core/common/avr/eeconfig.c **** }
 120               		.loc 1 31 0
 121 0012 822F      		mov r24,r18
 122               	/* epilogue start */
 123 0014 0895      		ret
 124               		.cfi_endproc
 125               	.LFE3:
 127               		.section	.text.eeconfig_read_debug,"ax",@progbits
 128               	.global	eeconfig_read_debug
 130               	eeconfig_read_debug:
 131               	.LFB4:
  32:../../tmk_core/common/avr/eeconfig.c **** 
  33:../../tmk_core/common/avr/eeconfig.c **** uint8_t eeconfig_read_debug(void)      { return eeprom_read_byte(EECONFIG_DEBUG); }
 132               		.loc 1 33 0
 133               		.cfi_startproc
 134               	/* prologue: function */
 135               	/* frame size = 0 */
 136               	/* stack size = 0 */
 137               	.L__stack_usage = 0
 138               		.loc 1 33 0
 139 0000 82E0      		ldi r24,lo8(2)
 140 0002 90E0      		ldi r25,0
 141 0004 0C94 0000 		jmp eeprom_read_byte
 142               	.LVL8:
 143               		.cfi_endproc
 144               	.LFE4:
 146               		.section	.text.eeconfig_write_debug,"ax",@progbits
 147               	.global	eeconfig_write_debug
 149               	eeconfig_write_debug:
 150               	.LFB5:
  34:../../tmk_core/common/avr/eeconfig.c **** void eeconfig_write_debug(uint8_t val) { eeprom_write_byte(EECONFIG_DEBUG, val); }
 151               		.loc 1 34 0
 152               		.cfi_startproc
 153               	.LVL9:
 154               	/* prologue: function */
 155               	/* frame size = 0 */
 156               	/* stack size = 0 */
 157               	.L__stack_usage = 0
 158               		.loc 1 34 0
 159 0000 682F      		mov r22,r24
 160 0002 82E0      		ldi r24,lo8(2)
 161 0004 90E0      		ldi r25,0
 162               	.LVL10:
 163 0006 0C94 0000 		jmp eeprom_write_byte
 164               	.LVL11:
 165               		.cfi_endproc
 166               	.LFE5:
 168               		.section	.text.eeconfig_read_default_layer,"ax",@progbits
 169               	.global	eeconfig_read_default_layer
 171               	eeconfig_read_default_layer:
 172               	.LFB6:
  35:../../tmk_core/common/avr/eeconfig.c **** 
  36:../../tmk_core/common/avr/eeconfig.c **** uint8_t eeconfig_read_default_layer(void)      { return eeprom_read_byte(EECONFIG_DEFAULT_LAYER); }
 173               		.loc 1 36 0
 174               		.cfi_startproc
 175               	/* prologue: function */
 176               	/* frame size = 0 */
 177               	/* stack size = 0 */
 178               	.L__stack_usage = 0
 179               		.loc 1 36 0
 180 0000 83E0      		ldi r24,lo8(3)
 181 0002 90E0      		ldi r25,0
 182 0004 0C94 0000 		jmp eeprom_read_byte
 183               	.LVL12:
 184               		.cfi_endproc
 185               	.LFE6:
 187               		.section	.text.eeconfig_write_default_layer,"ax",@progbits
 188               	.global	eeconfig_write_default_layer
 190               	eeconfig_write_default_layer:
 191               	.LFB7:
  37:../../tmk_core/common/avr/eeconfig.c **** void eeconfig_write_default_layer(uint8_t val) { eeprom_write_byte(EECONFIG_DEFAULT_LAYER, val); }
 192               		.loc 1 37 0
 193               		.cfi_startproc
 194               	.LVL13:
 195               	/* prologue: function */
 196               	/* frame size = 0 */
 197               	/* stack size = 0 */
 198               	.L__stack_usage = 0
 199               		.loc 1 37 0
 200 0000 682F      		mov r22,r24
 201 0002 83E0      		ldi r24,lo8(3)
 202 0004 90E0      		ldi r25,0
 203               	.LVL14:
 204 0006 0C94 0000 		jmp eeprom_write_byte
 205               	.LVL15:
 206               		.cfi_endproc
 207               	.LFE7:
 209               		.section	.text.eeconfig_read_keymap,"ax",@progbits
 210               	.global	eeconfig_read_keymap
 212               	eeconfig_read_keymap:
 213               	.LFB8:
  38:../../tmk_core/common/avr/eeconfig.c **** 
  39:../../tmk_core/common/avr/eeconfig.c **** uint8_t eeconfig_read_keymap(void)      { return eeprom_read_byte(EECONFIG_KEYMAP); }
 214               		.loc 1 39 0
 215               		.cfi_startproc
 216               	/* prologue: function */
 217               	/* frame size = 0 */
 218               	/* stack size = 0 */
 219               	.L__stack_usage = 0
 220               		.loc 1 39 0
 221 0000 84E0      		ldi r24,lo8(4)
 222 0002 90E0      		ldi r25,0
 223 0004 0C94 0000 		jmp eeprom_read_byte
 224               	.LVL16:
 225               		.cfi_endproc
 226               	.LFE8:
 228               		.section	.text.eeconfig_write_keymap,"ax",@progbits
 229               	.global	eeconfig_write_keymap
 231               	eeconfig_write_keymap:
 232               	.LFB9:
  40:../../tmk_core/common/avr/eeconfig.c **** void eeconfig_write_keymap(uint8_t val) { eeprom_write_byte(EECONFIG_KEYMAP, val); }
 233               		.loc 1 40 0
 234               		.cfi_startproc
 235               	.LVL17:
 236               	/* prologue: function */
 237               	/* frame size = 0 */
 238               	/* stack size = 0 */
 239               	.L__stack_usage = 0
 240               		.loc 1 40 0
 241 0000 682F      		mov r22,r24
 242 0002 84E0      		ldi r24,lo8(4)
 243 0004 90E0      		ldi r25,0
 244               	.LVL18:
 245 0006 0C94 0000 		jmp eeprom_write_byte
 246               	.LVL19:
 247               		.cfi_endproc
 248               	.LFE9:
 250               		.text
 251               	.Letext0:
 252               		.file 2 "/usr/local/Cellar/avr-gcc/7.2.0/avr/include/stdint.h"
 253               		.file 3 "/usr/local/Cellar/avr-gcc/7.2.0/avr/include/avr/eeprom.h"
DEFINED SYMBOLS
                            *ABS*:0000000000000000 eeconfig.c
/var/folders/0t/kvl6kk9d4s327fss_3zj34vc3_bfct/T//ccMQS8kK.s:2      *ABS*:000000000000003e __SP_H__
/var/folders/0t/kvl6kk9d4s327fss_3zj34vc3_bfct/T//ccMQS8kK.s:3      *ABS*:000000000000003d __SP_L__
/var/folders/0t/kvl6kk9d4s327fss_3zj34vc3_bfct/T//ccMQS8kK.s:4      *ABS*:000000000000003f __SREG__
/var/folders/0t/kvl6kk9d4s327fss_3zj34vc3_bfct/T//ccMQS8kK.s:5      *ABS*:0000000000000000 __tmp_reg__
/var/folders/0t/kvl6kk9d4s327fss_3zj34vc3_bfct/T//ccMQS8kK.s:6      *ABS*:0000000000000001 __zero_reg__
/var/folders/0t/kvl6kk9d4s327fss_3zj34vc3_bfct/T//ccMQS8kK.s:13     .text.eeconfig_init:0000000000000000 eeconfig_init
/var/folders/0t/kvl6kk9d4s327fss_3zj34vc3_bfct/T//ccMQS8kK.s:59     .text.eeconfig_enable:0000000000000000 eeconfig_enable
/var/folders/0t/kvl6kk9d4s327fss_3zj34vc3_bfct/T//ccMQS8kK.s:80     .text.eeconfig_disable:0000000000000000 eeconfig_disable
/var/folders/0t/kvl6kk9d4s327fss_3zj34vc3_bfct/T//ccMQS8kK.s:101    .text.eeconfig_is_enabled:0000000000000000 eeconfig_is_enabled
/var/folders/0t/kvl6kk9d4s327fss_3zj34vc3_bfct/T//ccMQS8kK.s:130    .text.eeconfig_read_debug:0000000000000000 eeconfig_read_debug
/var/folders/0t/kvl6kk9d4s327fss_3zj34vc3_bfct/T//ccMQS8kK.s:149    .text.eeconfig_write_debug:0000000000000000 eeconfig_write_debug
/var/folders/0t/kvl6kk9d4s327fss_3zj34vc3_bfct/T//ccMQS8kK.s:171    .text.eeconfig_read_default_layer:0000000000000000 eeconfig_read_default_layer
/var/folders/0t/kvl6kk9d4s327fss_3zj34vc3_bfct/T//ccMQS8kK.s:190    .text.eeconfig_write_default_layer:0000000000000000 eeconfig_write_default_layer
/var/folders/0t/kvl6kk9d4s327fss_3zj34vc3_bfct/T//ccMQS8kK.s:212    .text.eeconfig_read_keymap:0000000000000000 eeconfig_read_keymap
/var/folders/0t/kvl6kk9d4s327fss_3zj34vc3_bfct/T//ccMQS8kK.s:231    .text.eeconfig_write_keymap:0000000000000000 eeconfig_write_keymap

UNDEFINED SYMBOLS
eeprom_write_word
eeprom_write_byte
eeprom_read_word
eeprom_read_byte
