   1               		.file	"matrix.c"
   2               	__SP_H__ = 0x3e
   3               	__SP_L__ = 0x3d
   4               	__SREG__ = 0x3f
   5               	__tmp_reg__ = 0
   6               	__zero_reg__ = 1
   7               		.text
   8               	.Ltext0:
   9               		.cfi_sections	.debug_frame
  10               		.section	.text.matrix_rows,"ax",@progbits
  11               		.weak	matrix_rows
  13               	matrix_rows:
  14               	.LFB1:
  15               		.file 1 "../../tmk_core/common/matrix.c"
   1:../../tmk_core/common/matrix.c **** /*
   2:../../tmk_core/common/matrix.c **** Copyright 2016 Jun Wako <wakojun@gmail.com>
   3:../../tmk_core/common/matrix.c **** 
   4:../../tmk_core/common/matrix.c **** This program is free software: you can redistribute it and/or modify
   5:../../tmk_core/common/matrix.c **** it under the terms of the GNU General Public License as published by
   6:../../tmk_core/common/matrix.c **** the Free Software Foundation, either version 2 of the License, or
   7:../../tmk_core/common/matrix.c **** (at your option) any later version.
   8:../../tmk_core/common/matrix.c **** 
   9:../../tmk_core/common/matrix.c **** This program is distributed in the hope that it will be useful,
  10:../../tmk_core/common/matrix.c **** but WITHOUT ANY WARRANTY; without even the implied warranty of
  11:../../tmk_core/common/matrix.c **** MERCHANTABILITY or FITNESS FOR A PARTICULAR PURPOSE.  See the
  12:../../tmk_core/common/matrix.c **** GNU General Public License for more details.
  13:../../tmk_core/common/matrix.c **** 
  14:../../tmk_core/common/matrix.c **** You should have received a copy of the GNU General Public License
  15:../../tmk_core/common/matrix.c **** along with this program.  If not, see <http://www.gnu.org/licenses/>.
  16:../../tmk_core/common/matrix.c **** */
  17:../../tmk_core/common/matrix.c **** #include "print.h"
  18:../../tmk_core/common/matrix.c **** #include "matrix.h"
  19:../../tmk_core/common/matrix.c **** 
  20:../../tmk_core/common/matrix.c **** 
  21:../../tmk_core/common/matrix.c **** __attribute__ ((weak))
  22:../../tmk_core/common/matrix.c **** uint8_t matrix_rows(void)
  23:../../tmk_core/common/matrix.c **** {
  16               		.loc 1 23 0
  17               		.cfi_startproc
  18               	/* prologue: function */
  19               	/* frame size = 0 */
  20               	/* stack size = 0 */
  21               	.L__stack_usage = 0
  24:../../tmk_core/common/matrix.c ****     return MATRIX_ROWS;
  25:../../tmk_core/common/matrix.c **** }
  22               		.loc 1 25 0
  23 0000 85E0      		ldi r24,lo8(5)
  24               	/* epilogue start */
  25 0002 0895      		ret
  26               		.cfi_endproc
  27               	.LFE1:
  29               		.section	.text.matrix_cols,"ax",@progbits
  30               		.weak	matrix_cols
  32               	matrix_cols:
  33               	.LFB2:
  26:../../tmk_core/common/matrix.c **** 
  27:../../tmk_core/common/matrix.c **** __attribute__ ((weak))
  28:../../tmk_core/common/matrix.c **** uint8_t matrix_cols(void)
  29:../../tmk_core/common/matrix.c **** {
  34               		.loc 1 29 0
  35               		.cfi_startproc
  36               	/* prologue: function */
  37               	/* frame size = 0 */
  38               	/* stack size = 0 */
  39               	.L__stack_usage = 0
  30:../../tmk_core/common/matrix.c ****     return MATRIX_COLS;
  31:../../tmk_core/common/matrix.c **** }
  40               		.loc 1 31 0
  41 0000 8FE0      		ldi r24,lo8(15)
  42               	/* epilogue start */
  43 0002 0895      		ret
  44               		.cfi_endproc
  45               	.LFE2:
  47               		.section	.text.matrix_clear,"ax",@progbits
  48               		.weak	matrix_clear
  50               	matrix_clear:
  51               	.LFB10:
  52               		.cfi_startproc
  53               	/* prologue: function */
  54               	/* frame size = 0 */
  55               	/* stack size = 0 */
  56               	.L__stack_usage = 0
  57               	/* epilogue start */
  58 0000 0895      		ret
  59               		.cfi_endproc
  60               	.LFE10:
  62               		.section	.text.matrix_setup,"ax",@progbits
  63               		.weak	matrix_setup
  65               	matrix_setup:
  66               	.LFB4:
  32:../../tmk_core/common/matrix.c **** 
  33:../../tmk_core/common/matrix.c **** __attribute__ ((weak))
  34:../../tmk_core/common/matrix.c **** void matrix_clear(void)
  35:../../tmk_core/common/matrix.c **** {
  36:../../tmk_core/common/matrix.c **** }
  37:../../tmk_core/common/matrix.c **** 
  38:../../tmk_core/common/matrix.c **** __attribute__ ((weak))
  39:../../tmk_core/common/matrix.c **** void matrix_setup(void) {}
  67               		.loc 1 39 0
  68               		.cfi_startproc
  69               	/* prologue: function */
  70               	/* frame size = 0 */
  71               	/* stack size = 0 */
  72               	.L__stack_usage = 0
  73               	/* epilogue start */
  74               		.loc 1 39 0
  75 0000 0895      		ret
  76               		.cfi_endproc
  77               	.LFE4:
  79               		.section	.text.matrix_is_on,"ax",@progbits
  80               		.weak	matrix_is_on
  82               	matrix_is_on:
  83               	.LFB5:
  40:../../tmk_core/common/matrix.c **** 
  41:../../tmk_core/common/matrix.c **** __attribute__ ((weak))
  42:../../tmk_core/common/matrix.c **** bool matrix_is_on(uint8_t row, uint8_t col)
  43:../../tmk_core/common/matrix.c **** {
  84               		.loc 1 43 0
  85               		.cfi_startproc
  86               	.LVL0:
  87 0000 CF93      		push r28
  88               	.LCFI0:
  89               		.cfi_def_cfa_offset 3
  90               		.cfi_offset 28, -2
  91               	/* prologue: function */
  92               	/* frame size = 0 */
  93               	/* stack size = 1 */
  94               	.L__stack_usage = 1
  95 0002 C62F      		mov r28,r22
  44:../../tmk_core/common/matrix.c ****     return (matrix_get_row(row) & (1<<col));
  96               		.loc 1 44 0
  97 0004 0E94 0000 		call matrix_get_row
  98               	.LVL1:
  99 0008 21E0      		ldi r18,lo8(1)
 100 000a 30E0      		ldi r19,0
 101 000c 00C0      		rjmp 2f
 102               		1:
 103 000e 220F      		lsl r18
 104 0010 331F      		rol r19
 105               		2:
 106 0012 CA95      		dec r28
 107 0014 02F4      		brpl 1b
 108 0016 2823      		and r18,r24
 109 0018 3923      		and r19,r25
 110 001a 81E0      		ldi r24,lo8(1)
 111 001c 232B      		or r18,r19
 112 001e 01F4      		brne .L6
 113 0020 80E0      		ldi r24,0
 114               	.L6:
 115               	/* epilogue start */
  45:../../tmk_core/common/matrix.c **** }
 116               		.loc 1 45 0
 117 0022 CF91      		pop r28
 118               	.LVL2:
 119 0024 0895      		ret
 120               		.cfi_endproc
 121               	.LFE5:
 123               		.section	.rodata.matrix_print.str1.1,"aMS",@progbits,1
 124               	.LC0:
 125 0000 00        		.string	""
 126               		.section	.text.matrix_print,"ax",@progbits
 127               		.weak	matrix_print
 129               	matrix_print:
 130               	.LFB6:
  46:../../tmk_core/common/matrix.c **** 
  47:../../tmk_core/common/matrix.c **** __attribute__ ((weak))
  48:../../tmk_core/common/matrix.c **** void matrix_print(void)
  49:../../tmk_core/common/matrix.c **** {
 131               		.loc 1 49 0
 132               		.cfi_startproc
 133 0000 EF92      		push r14
 134               	.LCFI1:
 135               		.cfi_def_cfa_offset 3
 136               		.cfi_offset 14, -2
 137 0002 FF92      		push r15
 138               	.LCFI2:
 139               		.cfi_def_cfa_offset 4
 140               		.cfi_offset 15, -3
 141 0004 0F93      		push r16
 142               	.LCFI3:
 143               		.cfi_def_cfa_offset 5
 144               		.cfi_offset 16, -4
 145 0006 1F93      		push r17
 146               	.LCFI4:
 147               		.cfi_def_cfa_offset 6
 148               		.cfi_offset 17, -5
 149 0008 CF93      		push r28
 150               	.LCFI5:
 151               		.cfi_def_cfa_offset 7
 152               		.cfi_offset 28, -6
 153 000a DF93      		push r29
 154               	.LCFI6:
 155               		.cfi_def_cfa_offset 8
 156               		.cfi_offset 29, -7
 157               	/* prologue: function */
 158               	/* frame size = 0 */
 159               	/* stack size = 6 */
 160               	.L__stack_usage = 6
  50:../../tmk_core/common/matrix.c **** #if (MATRIX_COLS <= 8)
  51:../../tmk_core/common/matrix.c ****     print("r/c 01234567\n");
  52:../../tmk_core/common/matrix.c **** #elif (MATRIX_COLS <= 16)
  53:../../tmk_core/common/matrix.c ****     print("r/c 0123456789ABCDEF\n");
 161               		.loc 1 53 0
 162 000c 80E0      		ldi r24,lo8(__c.1744)
 163 000e 90E0      		ldi r25,hi8(__c.1744)
 164 0010 0E94 0000 		call xputs
 165 0014 D0E0      		ldi r29,0
 166 0016 C0E0      		ldi r28,0
 167               	.LBB2:
  54:../../tmk_core/common/matrix.c **** #elif (MATRIX_COLS <= 32)
  55:../../tmk_core/common/matrix.c ****     print("r/c 0123456789ABCDEF0123456789ABCDEF\n");
  56:../../tmk_core/common/matrix.c **** #endif
  57:../../tmk_core/common/matrix.c **** 
  58:../../tmk_core/common/matrix.c ****     for (uint8_t row = 0; row < MATRIX_ROWS; row++) {
  59:../../tmk_core/common/matrix.c **** 
  60:../../tmk_core/common/matrix.c **** #if (MATRIX_COLS <= 8)
  61:../../tmk_core/common/matrix.c ****         xprintf("%02X: %08b%s\n", row, bitrev(matrix_get_row(row)),
  62:../../tmk_core/common/matrix.c **** #elif (MATRIX_COLS <= 16)
  63:../../tmk_core/common/matrix.c ****         xprintf("%02X: %016b%s\n", row, bitrev16(matrix_get_row(row)),
 168               		.loc 1 63 0
 169 0018 80E0      		ldi r24,lo8(.LC0)
 170 001a E82E      		mov r14,r24
 171 001c 80E0      		ldi r24,hi8(.LC0)
 172 001e F82E      		mov r15,r24
 173 0020 00E0      		ldi r16,lo8(__c.1747)
 174 0022 10E0      		ldi r17,hi8(__c.1747)
 175               	.L8:
 176               		.loc 1 63 0 is_stmt 0 discriminator 3
 177 0024 8C2F      		mov r24,r28
 178 0026 0E94 0000 		call matrix_get_row
 179 002a 0E94 0000 		call bitrev16
 180 002e FF92      		push r15
 181               	.LCFI7:
 182               		.cfi_def_cfa_offset 9
 183 0030 EF92      		push r14
 184               	.LCFI8:
 185               		.cfi_def_cfa_offset 10
 186 0032 9F93      		push r25
 187               	.LCFI9:
 188               		.cfi_def_cfa_offset 11
 189 0034 8F93      		push r24
 190               	.LCFI10:
 191               		.cfi_def_cfa_offset 12
 192 0036 DF93      		push r29
 193               	.LCFI11:
 194               		.cfi_def_cfa_offset 13
 195 0038 CF93      		push r28
 196               	.LCFI12:
 197               		.cfi_def_cfa_offset 14
 198 003a 1F93      		push r17
 199               	.LCFI13:
 200               		.cfi_def_cfa_offset 15
 201 003c 0F93      		push r16
 202               	.LCFI14:
 203               		.cfi_def_cfa_offset 16
 204 003e 0E94 0000 		call __xprintf
 205 0042 2196      		adiw r28,1
  58:../../tmk_core/common/matrix.c **** 
 206               		.loc 1 58 0 is_stmt 1 discriminator 3
 207 0044 8DB7      		in r24,__SP_L__
 208 0046 9EB7      		in r25,__SP_H__
 209 0048 0896      		adiw r24,8
 210 004a 0FB6      		in __tmp_reg__,__SREG__
 211 004c F894      		cli
 212 004e 9EBF      		out __SP_H__,r25
 213 0050 0FBE      		out __SREG__,__tmp_reg__
 214 0052 8DBF      		out __SP_L__,r24
 215               	.LCFI15:
 216               		.cfi_def_cfa_offset 8
 217 0054 C530      		cpi r28,5
 218 0056 D105      		cpc r29,__zero_reg__
 219 0058 01F4      		brne .L8
 220               	/* epilogue start */
 221               	.LBE2:
  64:../../tmk_core/common/matrix.c **** #elif (MATRIX_COLS <= 32)
  65:../../tmk_core/common/matrix.c ****         xprintf("%02X: %032b%s\n", row, bitrev32(matrix_get_row(row)),
  66:../../tmk_core/common/matrix.c **** #endif
  67:../../tmk_core/common/matrix.c **** #ifdef MATRIX_HAS_GHOST
  68:../../tmk_core/common/matrix.c ****         matrix_has_ghost_in_row(row) ?  " <ghost" : ""
  69:../../tmk_core/common/matrix.c **** #else
  70:../../tmk_core/common/matrix.c ****         ""
  71:../../tmk_core/common/matrix.c **** #endif
  72:../../tmk_core/common/matrix.c ****         );
  73:../../tmk_core/common/matrix.c ****     }
  74:../../tmk_core/common/matrix.c **** }
 222               		.loc 1 74 0
 223 005a DF91      		pop r29
 224 005c CF91      		pop r28
 225 005e 1F91      		pop r17
 226 0060 0F91      		pop r16
 227 0062 FF90      		pop r15
 228 0064 EF90      		pop r14
 229 0066 0895      		ret
 230               		.cfi_endproc
 231               	.LFE6:
 233               		.section	.text.matrix_power_up,"ax",@progbits
 234               		.weak	matrix_power_up
 236               	matrix_power_up:
 237               	.LFB12:
 238               		.cfi_startproc
 239               	/* prologue: function */
 240               	/* frame size = 0 */
 241               	/* stack size = 0 */
 242               	.L__stack_usage = 0
 243               	/* epilogue start */
 244 0000 0895      		ret
 245               		.cfi_endproc
 246               	.LFE12:
 248               		.section	.text.matrix_power_down,"ax",@progbits
 249               		.weak	matrix_power_down
 251               	matrix_power_down:
 252               	.LFB14:
 253               		.cfi_startproc
 254               	/* prologue: function */
 255               	/* frame size = 0 */
 256               	/* stack size = 0 */
 257               	.L__stack_usage = 0
 258               	/* epilogue start */
 259 0000 0895      		ret
 260               		.cfi_endproc
 261               	.LFE14:
 263               		.section	.progmem.data.__c.1747,"a",@progbits
 266               	__c.1747:
 267 0000 2530 3258 		.string	"%02X: %016b%s\n"
 267      3A20 2530 
 267      3136 6225 
 267      730A 00
 268               		.section	.progmem.data.__c.1744,"a",@progbits
 271               	__c.1744:
 272 0000 722F 6320 		.string	"r/c 0123456789ABCDEF\n"
 272      3031 3233 
 272      3435 3637 
 272      3839 4142 
 272      4344 4546 
 273               		.text
 274               	.Letext0:
 275               		.file 2 "/usr/local/Cellar/avr-gcc/7.2.0/avr/include/stdint.h"
 276               		.file 3 "../../tmk_core/common/avr/xprintf.h"
 277               		.file 4 "../../tmk_core/common/matrix.h"
DEFINED SYMBOLS
                            *ABS*:0000000000000000 matrix.c
/var/folders/0t/kvl6kk9d4s327fss_3zj34vc3_bfct/T//ccSTzkhJ.s:2      *ABS*:000000000000003e __SP_H__
/var/folders/0t/kvl6kk9d4s327fss_3zj34vc3_bfct/T//ccSTzkhJ.s:3      *ABS*:000000000000003d __SP_L__
/var/folders/0t/kvl6kk9d4s327fss_3zj34vc3_bfct/T//ccSTzkhJ.s:4      *ABS*:000000000000003f __SREG__
/var/folders/0t/kvl6kk9d4s327fss_3zj34vc3_bfct/T//ccSTzkhJ.s:5      *ABS*:0000000000000000 __tmp_reg__
/var/folders/0t/kvl6kk9d4s327fss_3zj34vc3_bfct/T//ccSTzkhJ.s:6      *ABS*:0000000000000001 __zero_reg__
/var/folders/0t/kvl6kk9d4s327fss_3zj34vc3_bfct/T//ccSTzkhJ.s:13     .text.matrix_rows:0000000000000000 matrix_rows
/var/folders/0t/kvl6kk9d4s327fss_3zj34vc3_bfct/T//ccSTzkhJ.s:32     .text.matrix_cols:0000000000000000 matrix_cols
/var/folders/0t/kvl6kk9d4s327fss_3zj34vc3_bfct/T//ccSTzkhJ.s:50     .text.matrix_clear:0000000000000000 matrix_clear
/var/folders/0t/kvl6kk9d4s327fss_3zj34vc3_bfct/T//ccSTzkhJ.s:65     .text.matrix_setup:0000000000000000 matrix_setup
/var/folders/0t/kvl6kk9d4s327fss_3zj34vc3_bfct/T//ccSTzkhJ.s:82     .text.matrix_is_on:0000000000000000 matrix_is_on
/var/folders/0t/kvl6kk9d4s327fss_3zj34vc3_bfct/T//ccSTzkhJ.s:129    .text.matrix_print:0000000000000000 matrix_print
/var/folders/0t/kvl6kk9d4s327fss_3zj34vc3_bfct/T//ccSTzkhJ.s:271    .progmem.data.__c.1744:0000000000000000 __c.1744
/var/folders/0t/kvl6kk9d4s327fss_3zj34vc3_bfct/T//ccSTzkhJ.s:266    .progmem.data.__c.1747:0000000000000000 __c.1747
/var/folders/0t/kvl6kk9d4s327fss_3zj34vc3_bfct/T//ccSTzkhJ.s:236    .text.matrix_power_up:0000000000000000 matrix_power_up
/var/folders/0t/kvl6kk9d4s327fss_3zj34vc3_bfct/T//ccSTzkhJ.s:251    .text.matrix_power_down:0000000000000000 matrix_power_down

UNDEFINED SYMBOLS
matrix_get_row
xputs
bitrev16
__xprintf
__do_copy_data
