   1               		.file	"mousekey.c"
   2               	__SP_H__ = 0x3e
   3               	__SP_L__ = 0x3d
   4               	__SREG__ = 0x3f
   5               	__tmp_reg__ = 0
   6               	__zero_reg__ = 1
   7               		.text
   8               	.Ltext0:
   9               		.cfi_sections	.debug_frame
  10               		.section	.text.move_unit,"ax",@progbits
  12               	move_unit:
  13               	.LFB100:
  14               		.file 1 "../../tmk_core/common/mousekey.c"
   1:../../tmk_core/common/mousekey.c **** /*
   2:../../tmk_core/common/mousekey.c **** Copyright 2011 Jun Wako <wakojun@gmail.com>
   3:../../tmk_core/common/mousekey.c **** 
   4:../../tmk_core/common/mousekey.c **** This program is free software: you can redistribute it and/or modify
   5:../../tmk_core/common/mousekey.c **** it under the terms of the GNU General Public License as published by
   6:../../tmk_core/common/mousekey.c **** the Free Software Foundation, either version 2 of the License, or
   7:../../tmk_core/common/mousekey.c **** (at your option) any later version.
   8:../../tmk_core/common/mousekey.c **** 
   9:../../tmk_core/common/mousekey.c **** This program is distributed in the hope that it will be useful,
  10:../../tmk_core/common/mousekey.c **** but WITHOUT ANY WARRANTY; without even the implied warranty of
  11:../../tmk_core/common/mousekey.c **** MERCHANTABILITY or FITNESS FOR A PARTICULAR PURPOSE.  See the
  12:../../tmk_core/common/mousekey.c **** GNU General Public License for more details.
  13:../../tmk_core/common/mousekey.c **** 
  14:../../tmk_core/common/mousekey.c **** You should have received a copy of the GNU General Public License
  15:../../tmk_core/common/mousekey.c **** along with this program.  If not, see <http://www.gnu.org/licenses/>.
  16:../../tmk_core/common/mousekey.c **** */
  17:../../tmk_core/common/mousekey.c **** 
  18:../../tmk_core/common/mousekey.c **** #include <stdint.h>
  19:../../tmk_core/common/mousekey.c **** #include "keycode.h"
  20:../../tmk_core/common/mousekey.c **** #include "host.h"
  21:../../tmk_core/common/mousekey.c **** #include "timer.h"
  22:../../tmk_core/common/mousekey.c **** #include "print.h"
  23:../../tmk_core/common/mousekey.c **** #include "debug.h"
  24:../../tmk_core/common/mousekey.c **** #include "mousekey.h"
  25:../../tmk_core/common/mousekey.c **** 
  26:../../tmk_core/common/mousekey.c **** 
  27:../../tmk_core/common/mousekey.c **** 
  28:../../tmk_core/common/mousekey.c **** static report_mouse_t mouse_report = {};
  29:../../tmk_core/common/mousekey.c **** static uint8_t mousekey_repeat =  0;
  30:../../tmk_core/common/mousekey.c **** static uint8_t mousekey_accel = 0;
  31:../../tmk_core/common/mousekey.c **** 
  32:../../tmk_core/common/mousekey.c **** static void mousekey_debug(void);
  33:../../tmk_core/common/mousekey.c **** 
  34:../../tmk_core/common/mousekey.c **** 
  35:../../tmk_core/common/mousekey.c **** /*
  36:../../tmk_core/common/mousekey.c ****  * Mouse keys  acceleration algorithm
  37:../../tmk_core/common/mousekey.c ****  *  http://en.wikipedia.org/wiki/Mouse_keys
  38:../../tmk_core/common/mousekey.c ****  *
  39:../../tmk_core/common/mousekey.c ****  *  speed = delta * max_speed * (repeat / time_to_max)**((1000+curve)/1000)
  40:../../tmk_core/common/mousekey.c ****  */
  41:../../tmk_core/common/mousekey.c **** /* milliseconds between the initial key press and first repeated motion event (0-2550) */
  42:../../tmk_core/common/mousekey.c **** uint8_t mk_delay = MOUSEKEY_DELAY/10;
  43:../../tmk_core/common/mousekey.c **** /* milliseconds between repeated motion events (0-255) */
  44:../../tmk_core/common/mousekey.c **** uint8_t mk_interval = MOUSEKEY_INTERVAL;
  45:../../tmk_core/common/mousekey.c **** /* steady speed (in action_delta units) applied each event (0-255) */
  46:../../tmk_core/common/mousekey.c **** uint8_t mk_max_speed = MOUSEKEY_MAX_SPEED;
  47:../../tmk_core/common/mousekey.c **** /* number of events (count) accelerating to steady speed (0-255) */
  48:../../tmk_core/common/mousekey.c **** uint8_t mk_time_to_max = MOUSEKEY_TIME_TO_MAX;
  49:../../tmk_core/common/mousekey.c **** /* ramp used to reach maximum pointer speed (NOT SUPPORTED) */
  50:../../tmk_core/common/mousekey.c **** //int8_t mk_curve = 0;
  51:../../tmk_core/common/mousekey.c **** /* wheel params */
  52:../../tmk_core/common/mousekey.c **** uint8_t mk_wheel_max_speed = MOUSEKEY_WHEEL_MAX_SPEED;
  53:../../tmk_core/common/mousekey.c **** uint8_t mk_wheel_time_to_max = MOUSEKEY_WHEEL_TIME_TO_MAX;
  54:../../tmk_core/common/mousekey.c **** 
  55:../../tmk_core/common/mousekey.c **** 
  56:../../tmk_core/common/mousekey.c **** static uint16_t last_timer = 0;
  57:../../tmk_core/common/mousekey.c **** 
  58:../../tmk_core/common/mousekey.c **** 
  59:../../tmk_core/common/mousekey.c **** static uint8_t move_unit(void)
  60:../../tmk_core/common/mousekey.c **** {
  15               		.loc 1 60 0
  16               		.cfi_startproc
  17               	/* prologue: function */
  18               	/* frame size = 0 */
  19               	/* stack size = 0 */
  20               	.L__stack_usage = 0
  61:../../tmk_core/common/mousekey.c ****     uint16_t unit;
  62:../../tmk_core/common/mousekey.c ****     if (mousekey_accel & (1<<0)) {
  21               		.loc 1 62 0
  22 0000 8091 0000 		lds r24,mousekey_accel
  23 0004 80FF      		sbrs r24,0
  24 0006 00C0      		rjmp .L2
  63:../../tmk_core/common/mousekey.c ****         unit = (MOUSEKEY_MOVE_DELTA * mk_max_speed)/4;
  25               		.loc 1 63 0
  26 0008 6091 0000 		lds r22,mk_max_speed
  27 000c 85E0      		ldi r24,lo8(5)
  28 000e 689F      		mul r22,r24
  29 0010 B001      		movw r22,r0
  30 0012 1124      		clr __zero_reg__
  31 0014 7595      		asr r23
  32 0016 6795      		ror r22
  33 0018 7595      		asr r23
  34 001a 6795      		ror r22
  35               	.LVL0:
  36               	.L3:
  64:../../tmk_core/common/mousekey.c ****     } else if (mousekey_accel & (1<<1)) {
  65:../../tmk_core/common/mousekey.c ****         unit = (MOUSEKEY_MOVE_DELTA * mk_max_speed)/2;
  66:../../tmk_core/common/mousekey.c ****     } else if (mousekey_accel & (1<<2)) {
  67:../../tmk_core/common/mousekey.c ****         unit = (MOUSEKEY_MOVE_DELTA * mk_max_speed);
  68:../../tmk_core/common/mousekey.c ****     } else if (mousekey_repeat == 0) {
  69:../../tmk_core/common/mousekey.c ****         unit = MOUSEKEY_MOVE_DELTA;
  70:../../tmk_core/common/mousekey.c ****     } else if (mousekey_repeat >= mk_time_to_max) {
  71:../../tmk_core/common/mousekey.c ****         unit = MOUSEKEY_MOVE_DELTA * mk_max_speed;
  72:../../tmk_core/common/mousekey.c ****     } else {
  73:../../tmk_core/common/mousekey.c ****         unit = (MOUSEKEY_MOVE_DELTA * mk_max_speed * mousekey_repeat) / mk_time_to_max;
  74:../../tmk_core/common/mousekey.c ****     }
  75:../../tmk_core/common/mousekey.c ****     return (unit > MOUSEKEY_MOVE_MAX ? MOUSEKEY_MOVE_MAX : (unit == 0 ? 1 : unit));
  37               		.loc 1 75 0
  38 001c 6038      		cpi r22,-128
  39 001e 7105      		cpc r23,__zero_reg__
  40 0020 00F4      		brsh .L10
  41               		.loc 1 75 0 is_stmt 0 discriminator 1
  42 0022 6115      		cp r22,__zero_reg__
  43 0024 7105      		cpc r23,__zero_reg__
  44 0026 01F0      		breq .L11
  45               	.LVL1:
  46               	.L6:
  47               		.loc 1 75 0 discriminator 3
  48 0028 862F      		mov r24,r22
  49 002a 0895      		ret
  50               	.L2:
  64:../../tmk_core/common/mousekey.c ****     } else if (mousekey_accel & (1<<1)) {
  51               		.loc 1 64 0 is_stmt 1
  52 002c 81FF      		sbrs r24,1
  53 002e 00C0      		rjmp .L4
  65:../../tmk_core/common/mousekey.c ****     } else if (mousekey_accel & (1<<2)) {
  54               		.loc 1 65 0
  55 0030 6091 0000 		lds r22,mk_max_speed
  56 0034 85E0      		ldi r24,lo8(5)
  57 0036 689F      		mul r22,r24
  58 0038 B001      		movw r22,r0
  59 003a 1124      		clr __zero_reg__
  60 003c 7595      		asr r23
  61 003e 6795      		ror r22
  62               	.LVL2:
  63 0040 00C0      		rjmp .L3
  64               	.LVL3:
  65               	.L4:
  66:../../tmk_core/common/mousekey.c ****         unit = (MOUSEKEY_MOVE_DELTA * mk_max_speed);
  66               		.loc 1 66 0
  67 0042 82FF      		sbrs r24,2
  68 0044 00C0      		rjmp .L5
  67:../../tmk_core/common/mousekey.c ****     } else if (mousekey_repeat == 0) {
  69               		.loc 1 67 0
  70 0046 6091 0000 		lds r22,mk_max_speed
  71 004a 85E0      		ldi r24,lo8(5)
  72 004c 689F      		mul r22,r24
  73 004e B001      		movw r22,r0
  74 0050 1124      		clr __zero_reg__
  75               	.LVL4:
  76 0052 00C0      		rjmp .L3
  77               	.LVL5:
  78               	.L5:
  68:../../tmk_core/common/mousekey.c ****         unit = MOUSEKEY_MOVE_DELTA;
  79               		.loc 1 68 0
  80 0054 2091 0000 		lds r18,mousekey_repeat
  81 0058 2223      		tst r18
  82 005a 01F0      		breq .L9
  70:../../tmk_core/common/mousekey.c ****         unit = MOUSEKEY_MOVE_DELTA * mk_max_speed;
  83               		.loc 1 70 0
  84 005c 9091 0000 		lds r25,mk_time_to_max
  85 0060 6091 0000 		lds r22,mk_max_speed
  86 0064 85E0      		ldi r24,lo8(5)
  87 0066 689F      		mul r22,r24
  88 0068 B001      		movw r22,r0
  89 006a 1124      		clr __zero_reg__
  90 006c 2917      		cp r18,r25
  91 006e 00F4      		brsh .L3
  73:../../tmk_core/common/mousekey.c ****     }
  92               		.loc 1 73 0
  93 0070 269F      		mul r18,r22
  94 0072 A001      		movw r20,r0
  95 0074 279F      		mul r18,r23
  96 0076 500D      		add r21,r0
  97 0078 1124      		clr __zero_reg__
  98 007a 692F      		mov r22,r25
  99 007c 70E0      		ldi r23,0
 100 007e CA01      		movw r24,r20
 101 0080 0E94 0000 		call __divmodhi4
 102               	.LVL6:
 103 0084 00C0      		rjmp .L3
 104               	.LVL7:
 105               	.L9:
  69:../../tmk_core/common/mousekey.c ****     } else if (mousekey_repeat >= mk_time_to_max) {
 106               		.loc 1 69 0
 107 0086 65E0      		ldi r22,lo8(5)
 108 0088 70E0      		ldi r23,0
 109 008a 00C0      		rjmp .L6
 110               	.LVL8:
 111               	.L10:
 112               		.loc 1 75 0
 113 008c 8FE7      		ldi r24,lo8(127)
 114 008e 0895      		ret
 115               	.L11:
 116 0090 81E0      		ldi r24,lo8(1)
 117               	/* epilogue start */
  76:../../tmk_core/common/mousekey.c **** }
 118               		.loc 1 76 0
 119 0092 0895      		ret
 120               		.cfi_endproc
 121               	.LFE100:
 123               		.section	.text.wheel_unit,"ax",@progbits
 125               	wheel_unit:
 126               	.LFB101:
  77:../../tmk_core/common/mousekey.c **** 
  78:../../tmk_core/common/mousekey.c **** static uint8_t wheel_unit(void)
  79:../../tmk_core/common/mousekey.c **** {
 127               		.loc 1 79 0
 128               		.cfi_startproc
 129               	/* prologue: function */
 130               	/* frame size = 0 */
 131               	/* stack size = 0 */
 132               	.L__stack_usage = 0
  80:../../tmk_core/common/mousekey.c ****     uint16_t unit;
  81:../../tmk_core/common/mousekey.c ****     if (mousekey_accel & (1<<0)) {
 133               		.loc 1 81 0
 134 0000 8091 0000 		lds r24,mousekey_accel
 135 0004 80FF      		sbrs r24,0
 136 0006 00C0      		rjmp .L13
  82:../../tmk_core/common/mousekey.c ****         unit = (MOUSEKEY_WHEEL_DELTA * mk_wheel_max_speed)/4;
 137               		.loc 1 82 0
 138 0008 6091 0000 		lds r22,mk_wheel_max_speed
 139 000c 70E0      		ldi r23,0
 140 000e 7595      		asr r23
 141 0010 6795      		ror r22
 142 0012 7595      		asr r23
 143 0014 6795      		ror r22
 144               	.LVL9:
 145               	.L14:
  83:../../tmk_core/common/mousekey.c ****     } else if (mousekey_accel & (1<<1)) {
  84:../../tmk_core/common/mousekey.c ****         unit = (MOUSEKEY_WHEEL_DELTA * mk_wheel_max_speed)/2;
  85:../../tmk_core/common/mousekey.c ****     } else if (mousekey_accel & (1<<2)) {
  86:../../tmk_core/common/mousekey.c ****         unit = (MOUSEKEY_WHEEL_DELTA * mk_wheel_max_speed);
  87:../../tmk_core/common/mousekey.c ****     } else if (mousekey_repeat == 0) {
  88:../../tmk_core/common/mousekey.c ****         unit = MOUSEKEY_WHEEL_DELTA;
  89:../../tmk_core/common/mousekey.c ****     } else if (mousekey_repeat >= mk_wheel_time_to_max) {
  90:../../tmk_core/common/mousekey.c ****         unit = MOUSEKEY_WHEEL_DELTA * mk_wheel_max_speed;
  91:../../tmk_core/common/mousekey.c ****     } else {
  92:../../tmk_core/common/mousekey.c ****         unit = (MOUSEKEY_WHEEL_DELTA * mk_wheel_max_speed * mousekey_repeat) / mk_wheel_time_to_max
  93:../../tmk_core/common/mousekey.c ****     }
  94:../../tmk_core/common/mousekey.c ****     return (unit > MOUSEKEY_WHEEL_MAX ? MOUSEKEY_WHEEL_MAX : (unit == 0 ? 1 : unit));
 146               		.loc 1 94 0 discriminator 1
 147 0016 6115      		cp r22,__zero_reg__
 148 0018 7105      		cpc r23,__zero_reg__
 149 001a 01F0      		breq .L23
 150               	.L18:
 151               		.loc 1 94 0 is_stmt 0 discriminator 3
 152 001c 862F      		mov r24,r22
 153 001e 0895      		ret
 154               	.L13:
  83:../../tmk_core/common/mousekey.c ****     } else if (mousekey_accel & (1<<1)) {
 155               		.loc 1 83 0 is_stmt 1
 156 0020 81FF      		sbrs r24,1
 157 0022 00C0      		rjmp .L15
  84:../../tmk_core/common/mousekey.c ****     } else if (mousekey_accel & (1<<2)) {
 158               		.loc 1 84 0
 159 0024 6091 0000 		lds r22,mk_wheel_max_speed
 160 0028 70E0      		ldi r23,0
 161 002a 7595      		asr r23
 162 002c 6795      		ror r22
 163               	.LVL10:
 164 002e 00C0      		rjmp .L14
 165               	.LVL11:
 166               	.L15:
  86:../../tmk_core/common/mousekey.c ****     } else if (mousekey_repeat == 0) {
 167               		.loc 1 86 0
 168 0030 6091 0000 		lds r22,mk_wheel_max_speed
  85:../../tmk_core/common/mousekey.c ****         unit = (MOUSEKEY_WHEEL_DELTA * mk_wheel_max_speed);
 169               		.loc 1 85 0
 170 0034 82FD      		sbrc r24,2
 171 0036 00C0      		rjmp .L24
  87:../../tmk_core/common/mousekey.c ****         unit = MOUSEKEY_WHEEL_DELTA;
 172               		.loc 1 87 0
 173 0038 9091 0000 		lds r25,mousekey_repeat
 174 003c 9923      		tst r25
 175 003e 01F0      		breq .L21
  89:../../tmk_core/common/mousekey.c ****         unit = MOUSEKEY_WHEEL_DELTA * mk_wheel_max_speed;
 176               		.loc 1 89 0
 177 0040 6091 0000 		lds r22,mk_wheel_time_to_max
 178 0044 8091 0000 		lds r24,mk_wheel_max_speed
 179 0048 9617      		cp r25,r22
 180 004a 00F0      		brlo .L19
  90:../../tmk_core/common/mousekey.c ****     } else {
 181               		.loc 1 90 0
 182 004c 682F      		mov r22,r24
 183               	.L24:
 184 004e 70E0      		ldi r23,0
 185               	.LVL12:
 186               	.L17:
 187               		.loc 1 94 0
 188 0050 6038      		cpi r22,-128
 189 0052 7105      		cpc r23,__zero_reg__
 190 0054 00F0      		brlo .L14
 191 0056 8FE7      		ldi r24,lo8(127)
 192 0058 0895      		ret
 193               	.LVL13:
 194               	.L19:
  92:../../tmk_core/common/mousekey.c ****     }
 195               		.loc 1 92 0
 196 005a 899F      		mul r24,r25
 197 005c C001      		movw r24,r0
 198 005e 1124      		clr __zero_reg__
 199 0060 70E0      		ldi r23,0
 200 0062 0E94 0000 		call __divmodhi4
 201               	.LVL14:
 202 0066 00C0      		rjmp .L17
 203               	.LVL15:
 204               	.L21:
  88:../../tmk_core/common/mousekey.c ****     } else if (mousekey_repeat >= mk_wheel_time_to_max) {
 205               		.loc 1 88 0
 206 0068 61E0      		ldi r22,lo8(1)
 207 006a 70E0      		ldi r23,0
 208 006c 00C0      		rjmp .L18
 209               	.L23:
 210               		.loc 1 94 0
 211 006e 81E0      		ldi r24,lo8(1)
 212               	/* epilogue start */
  95:../../tmk_core/common/mousekey.c **** }
 213               		.loc 1 95 0
 214 0070 0895      		ret
 215               		.cfi_endproc
 216               	.LFE101:
 218               		.section	.text.mousekey_on,"ax",@progbits
 219               	.global	mousekey_on
 221               	mousekey_on:
 222               	.LFB103:
  96:../../tmk_core/common/mousekey.c **** 
  97:../../tmk_core/common/mousekey.c **** void mousekey_task(void)
  98:../../tmk_core/common/mousekey.c **** {
  99:../../tmk_core/common/mousekey.c ****     if (timer_elapsed(last_timer) < (mousekey_repeat ? mk_interval : mk_delay*10))
 100:../../tmk_core/common/mousekey.c ****         return;
 101:../../tmk_core/common/mousekey.c **** 
 102:../../tmk_core/common/mousekey.c ****     if (mouse_report.x == 0 && mouse_report.y == 0 && mouse_report.v == 0 && mouse_report.h == 0)
 103:../../tmk_core/common/mousekey.c ****         return;
 104:../../tmk_core/common/mousekey.c **** 
 105:../../tmk_core/common/mousekey.c ****     if (mousekey_repeat != UINT8_MAX)
 106:../../tmk_core/common/mousekey.c ****         mousekey_repeat++;
 107:../../tmk_core/common/mousekey.c **** 
 108:../../tmk_core/common/mousekey.c **** 
 109:../../tmk_core/common/mousekey.c ****     if (mouse_report.x > 0) mouse_report.x = move_unit();
 110:../../tmk_core/common/mousekey.c ****     if (mouse_report.x < 0) mouse_report.x = move_unit() * -1;
 111:../../tmk_core/common/mousekey.c ****     if (mouse_report.y > 0) mouse_report.y = move_unit();
 112:../../tmk_core/common/mousekey.c ****     if (mouse_report.y < 0) mouse_report.y = move_unit() * -1;
 113:../../tmk_core/common/mousekey.c **** 
 114:../../tmk_core/common/mousekey.c ****     /* diagonal move [1/sqrt(2) = 0.7] */
 115:../../tmk_core/common/mousekey.c ****     if (mouse_report.x && mouse_report.y) {
 116:../../tmk_core/common/mousekey.c ****         mouse_report.x *= 0.7;
 117:../../tmk_core/common/mousekey.c ****         mouse_report.y *= 0.7;
 118:../../tmk_core/common/mousekey.c ****     }
 119:../../tmk_core/common/mousekey.c **** 
 120:../../tmk_core/common/mousekey.c ****     if (mouse_report.v > 0) mouse_report.v = wheel_unit();
 121:../../tmk_core/common/mousekey.c ****     if (mouse_report.v < 0) mouse_report.v = wheel_unit() * -1;
 122:../../tmk_core/common/mousekey.c ****     if (mouse_report.h > 0) mouse_report.h = wheel_unit();
 123:../../tmk_core/common/mousekey.c ****     if (mouse_report.h < 0) mouse_report.h = wheel_unit() * -1;
 124:../../tmk_core/common/mousekey.c **** 
 125:../../tmk_core/common/mousekey.c ****     mousekey_send();
 126:../../tmk_core/common/mousekey.c **** }
 127:../../tmk_core/common/mousekey.c **** 
 128:../../tmk_core/common/mousekey.c **** void mousekey_on(uint8_t code)
 129:../../tmk_core/common/mousekey.c **** {
 223               		.loc 1 129 0
 224               		.cfi_startproc
 225               	.LVL16:
 226               	/* prologue: function */
 227               	/* frame size = 0 */
 228               	/* stack size = 0 */
 229               	.L__stack_usage = 0
 130:../../tmk_core/common/mousekey.c ****     if      (code == KC_MS_UP)       mouse_report.y = move_unit() * -1;
 230               		.loc 1 130 0
 231 0000 803F      		cpi r24,lo8(-16)
 232 0002 01F4      		brne .L26
 233               		.loc 1 130 0 is_stmt 0 discriminator 1
 234 0004 0E94 0000 		call move_unit
 235               	.LVL17:
 236 0008 8195      		neg r24
 237               	.L42:
 131:../../tmk_core/common/mousekey.c ****     else if (code == KC_MS_DOWN)     mouse_report.y = move_unit();
 238               		.loc 1 131 0 is_stmt 1 discriminator 1
 239 000a 8093 0000 		sts mouse_report+2,r24
 240 000e 0895      		ret
 241               	.LVL18:
 242               	.L26:
 243               		.loc 1 131 0 is_stmt 0
 244 0010 813F      		cpi r24,lo8(-15)
 245 0012 01F4      		brne .L28
 246               		.loc 1 131 0 discriminator 1
 247 0014 0E94 0000 		call move_unit
 248               	.LVL19:
 249 0018 00C0      		rjmp .L42
 250               	.LVL20:
 251               	.L28:
 132:../../tmk_core/common/mousekey.c ****     else if (code == KC_MS_LEFT)     mouse_report.x = move_unit() * -1;
 252               		.loc 1 132 0 is_stmt 1
 253 001a 823F      		cpi r24,lo8(-14)
 254 001c 01F4      		brne .L29
 255               		.loc 1 132 0 is_stmt 0 discriminator 1
 256 001e 0E94 0000 		call move_unit
 257               	.LVL21:
 258 0022 8195      		neg r24
 259               	.L44:
 133:../../tmk_core/common/mousekey.c ****     else if (code == KC_MS_RIGHT)    mouse_report.x = move_unit();
 260               		.loc 1 133 0 is_stmt 1 discriminator 1
 261 0024 8093 0000 		sts mouse_report+1,r24
 262 0028 0895      		ret
 263               	.LVL22:
 264               	.L29:
 265               		.loc 1 133 0 is_stmt 0
 266 002a 833F      		cpi r24,lo8(-13)
 267 002c 01F4      		brne .L30
 268               		.loc 1 133 0 discriminator 1
 269 002e 0E94 0000 		call move_unit
 270               	.LVL23:
 271 0032 00C0      		rjmp .L44
 272               	.LVL24:
 273               	.L30:
 134:../../tmk_core/common/mousekey.c ****     else if (code == KC_MS_WH_UP)    mouse_report.v = wheel_unit();
 274               		.loc 1 134 0 is_stmt 1
 275 0034 893F      		cpi r24,lo8(-7)
 276 0036 01F4      		brne .L31
 277               		.loc 1 134 0 is_stmt 0 discriminator 1
 278 0038 0E94 0000 		call wheel_unit
 279               	.LVL25:
 280               	.L46:
 135:../../tmk_core/common/mousekey.c ****     else if (code == KC_MS_WH_DOWN)  mouse_report.v = wheel_unit() * -1;
 281               		.loc 1 135 0 is_stmt 1 discriminator 1
 282 003c 8093 0000 		sts mouse_report+3,r24
 283 0040 0895      		ret
 284               	.LVL26:
 285               	.L31:
 286               		.loc 1 135 0 is_stmt 0
 287 0042 8A3F      		cpi r24,lo8(-6)
 288 0044 01F4      		brne .L32
 289               		.loc 1 135 0 discriminator 1
 290 0046 0E94 0000 		call wheel_unit
 291               	.LVL27:
 292 004a 8195      		neg r24
 293 004c 00C0      		rjmp .L46
 294               	.LVL28:
 295               	.L32:
 136:../../tmk_core/common/mousekey.c ****     else if (code == KC_MS_WH_LEFT)  mouse_report.h = wheel_unit() * -1;
 296               		.loc 1 136 0 is_stmt 1
 297 004e 8B3F      		cpi r24,lo8(-5)
 298 0050 01F4      		brne .L33
 299               		.loc 1 136 0 is_stmt 0 discriminator 1
 300 0052 0E94 0000 		call wheel_unit
 301               	.LVL29:
 302 0056 8195      		neg r24
 303               	.L47:
 137:../../tmk_core/common/mousekey.c ****     else if (code == KC_MS_WH_RIGHT) mouse_report.h = wheel_unit();
 304               		.loc 1 137 0 is_stmt 1 discriminator 1
 305 0058 8093 0000 		sts mouse_report+4,r24
 306 005c 0895      		ret
 307               	.LVL30:
 308               	.L33:
 309               		.loc 1 137 0 is_stmt 0
 310 005e 8C3F      		cpi r24,lo8(-4)
 311 0060 01F4      		brne .L34
 312               		.loc 1 137 0 discriminator 1
 313 0062 0E94 0000 		call wheel_unit
 314               	.LVL31:
 315 0066 00C0      		rjmp .L47
 316               	.LVL32:
 317               	.L34:
 138:../../tmk_core/common/mousekey.c ****     else if (code == KC_MS_BTN1)     mouse_report.buttons |= MOUSE_BTN1;
 318               		.loc 1 138 0 is_stmt 1
 319 0068 843F      		cpi r24,lo8(-12)
 320 006a 01F4      		brne .L35
 321               		.loc 1 138 0 is_stmt 0 discriminator 1
 322 006c 8091 0000 		lds r24,mouse_report
 323               	.LVL33:
 324 0070 8160      		ori r24,lo8(1)
 325               	.L45:
 139:../../tmk_core/common/mousekey.c ****     else if (code == KC_MS_BTN2)     mouse_report.buttons |= MOUSE_BTN2;
 140:../../tmk_core/common/mousekey.c ****     else if (code == KC_MS_BTN3)     mouse_report.buttons |= MOUSE_BTN3;
 141:../../tmk_core/common/mousekey.c ****     else if (code == KC_MS_BTN4)     mouse_report.buttons |= MOUSE_BTN4;
 142:../../tmk_core/common/mousekey.c ****     else if (code == KC_MS_BTN5)     mouse_report.buttons |= MOUSE_BTN5;
 326               		.loc 1 142 0 is_stmt 1 discriminator 1
 327 0072 8093 0000 		sts mouse_report,r24
 328 0076 0895      		ret
 329               	.LVL34:
 330               	.L35:
 139:../../tmk_core/common/mousekey.c ****     else if (code == KC_MS_BTN2)     mouse_report.buttons |= MOUSE_BTN2;
 331               		.loc 1 139 0
 332 0078 853F      		cpi r24,lo8(-11)
 333 007a 01F4      		brne .L36
 139:../../tmk_core/common/mousekey.c ****     else if (code == KC_MS_BTN2)     mouse_report.buttons |= MOUSE_BTN2;
 334               		.loc 1 139 0 is_stmt 0 discriminator 1
 335 007c 8091 0000 		lds r24,mouse_report
 336               	.LVL35:
 337 0080 8260      		ori r24,lo8(2)
 338 0082 00C0      		rjmp .L45
 339               	.LVL36:
 340               	.L36:
 140:../../tmk_core/common/mousekey.c ****     else if (code == KC_MS_BTN4)     mouse_report.buttons |= MOUSE_BTN4;
 341               		.loc 1 140 0 is_stmt 1
 342 0084 863F      		cpi r24,lo8(-10)
 343 0086 01F4      		brne .L37
 140:../../tmk_core/common/mousekey.c ****     else if (code == KC_MS_BTN4)     mouse_report.buttons |= MOUSE_BTN4;
 344               		.loc 1 140 0 is_stmt 0 discriminator 1
 345 0088 8091 0000 		lds r24,mouse_report
 346               	.LVL37:
 347 008c 8460      		ori r24,lo8(4)
 348 008e 00C0      		rjmp .L45
 349               	.LVL38:
 350               	.L37:
 141:../../tmk_core/common/mousekey.c ****     else if (code == KC_MS_BTN5)     mouse_report.buttons |= MOUSE_BTN5;
 351               		.loc 1 141 0 is_stmt 1
 352 0090 873F      		cpi r24,lo8(-9)
 353 0092 01F4      		brne .L38
 141:../../tmk_core/common/mousekey.c ****     else if (code == KC_MS_BTN5)     mouse_report.buttons |= MOUSE_BTN5;
 354               		.loc 1 141 0 is_stmt 0 discriminator 1
 355 0094 8091 0000 		lds r24,mouse_report
 356               	.LVL39:
 357 0098 8860      		ori r24,lo8(8)
 358 009a 00C0      		rjmp .L45
 359               	.LVL40:
 360               	.L38:
 361               		.loc 1 142 0 is_stmt 1
 362 009c 883F      		cpi r24,lo8(-8)
 363 009e 01F4      		brne .L39
 364               		.loc 1 142 0 is_stmt 0 discriminator 1
 365 00a0 8091 0000 		lds r24,mouse_report
 366               	.LVL41:
 367 00a4 8061      		ori r24,lo8(16)
 368 00a6 00C0      		rjmp .L45
 369               	.LVL42:
 370               	.L39:
 143:../../tmk_core/common/mousekey.c ****     else if (code == KC_MS_ACCEL0)   mousekey_accel |= (1<<0);
 371               		.loc 1 143 0 is_stmt 1
 372 00a8 8D3F      		cpi r24,lo8(-3)
 373 00aa 01F4      		brne .L40
 374               		.loc 1 143 0 is_stmt 0 discriminator 1
 375 00ac 8091 0000 		lds r24,mousekey_accel
 376               	.LVL43:
 377 00b0 8160      		ori r24,lo8(1)
 378               	.L43:
 144:../../tmk_core/common/mousekey.c ****     else if (code == KC_MS_ACCEL1)   mousekey_accel |= (1<<1);
 145:../../tmk_core/common/mousekey.c ****     else if (code == KC_MS_ACCEL2)   mousekey_accel |= (1<<2);
 379               		.loc 1 145 0 is_stmt 1 discriminator 1
 380 00b2 8093 0000 		sts mousekey_accel,r24
 381               	.L25:
 382               	/* epilogue start */
 146:../../tmk_core/common/mousekey.c **** }
 383               		.loc 1 146 0
 384 00b6 0895      		ret
 385               	.LVL44:
 386               	.L40:
 144:../../tmk_core/common/mousekey.c ****     else if (code == KC_MS_ACCEL1)   mousekey_accel |= (1<<1);
 387               		.loc 1 144 0
 388 00b8 8E3F      		cpi r24,lo8(-2)
 389 00ba 01F4      		brne .L41
 144:../../tmk_core/common/mousekey.c ****     else if (code == KC_MS_ACCEL1)   mousekey_accel |= (1<<1);
 390               		.loc 1 144 0 is_stmt 0 discriminator 1
 391 00bc 8091 0000 		lds r24,mousekey_accel
 392               	.LVL45:
 393 00c0 8260      		ori r24,lo8(2)
 394 00c2 00C0      		rjmp .L43
 395               	.LVL46:
 396               	.L41:
 145:../../tmk_core/common/mousekey.c **** }
 397               		.loc 1 145 0 is_stmt 1
 398 00c4 8F3F      		cpi r24,lo8(-1)
 399 00c6 01F4      		brne .L25
 145:../../tmk_core/common/mousekey.c **** }
 400               		.loc 1 145 0 is_stmt 0 discriminator 1
 401 00c8 8091 0000 		lds r24,mousekey_accel
 402               	.LVL47:
 403 00cc 8460      		ori r24,lo8(4)
 404 00ce 00C0      		rjmp .L43
 405               		.cfi_endproc
 406               	.LFE103:
 408               		.section	.text.mousekey_off,"ax",@progbits
 409               	.global	mousekey_off
 411               	mousekey_off:
 412               	.LFB104:
 147:../../tmk_core/common/mousekey.c **** 
 148:../../tmk_core/common/mousekey.c **** void mousekey_off(uint8_t code)
 149:../../tmk_core/common/mousekey.c **** {
 413               		.loc 1 149 0 is_stmt 1
 414               		.cfi_startproc
 415               	.LVL48:
 416               	/* prologue: function */
 417               	/* frame size = 0 */
 418               	/* stack size = 0 */
 419               	.L__stack_usage = 0
 150:../../tmk_core/common/mousekey.c ****     if      (code == KC_MS_UP       && mouse_report.y < 0) mouse_report.y = 0;
 420               		.loc 1 150 0
 421 0000 803F      		cpi r24,lo8(-16)
 422 0002 01F4      		brne .L49
 423               		.loc 1 150 0 is_stmt 0 discriminator 1
 424 0004 8091 0000 		lds r24,mouse_report+2
 425               	.LVL49:
 426 0008 87FD      		sbrc r24,7
 427               	.L52:
 428               		.loc 1 150 0 discriminator 2
 429 000a 1092 0000 		sts mouse_report+2,__zero_reg__
 430               	.L50:
 151:../../tmk_core/common/mousekey.c ****     else if (code == KC_MS_DOWN     && mouse_report.y > 0) mouse_report.y = 0;
 152:../../tmk_core/common/mousekey.c ****     else if (code == KC_MS_LEFT     && mouse_report.x < 0) mouse_report.x = 0;
 153:../../tmk_core/common/mousekey.c ****     else if (code == KC_MS_RIGHT    && mouse_report.x > 0) mouse_report.x = 0;
 154:../../tmk_core/common/mousekey.c ****     else if (code == KC_MS_WH_UP    && mouse_report.v > 0) mouse_report.v = 0;
 155:../../tmk_core/common/mousekey.c ****     else if (code == KC_MS_WH_DOWN  && mouse_report.v < 0) mouse_report.v = 0;
 156:../../tmk_core/common/mousekey.c ****     else if (code == KC_MS_WH_LEFT  && mouse_report.h < 0) mouse_report.h = 0;
 157:../../tmk_core/common/mousekey.c ****     else if (code == KC_MS_WH_RIGHT && mouse_report.h > 0) mouse_report.h = 0;
 158:../../tmk_core/common/mousekey.c ****     else if (code == KC_MS_BTN1) mouse_report.buttons &= ~MOUSE_BTN1;
 159:../../tmk_core/common/mousekey.c ****     else if (code == KC_MS_BTN2) mouse_report.buttons &= ~MOUSE_BTN2;
 160:../../tmk_core/common/mousekey.c ****     else if (code == KC_MS_BTN3) mouse_report.buttons &= ~MOUSE_BTN3;
 161:../../tmk_core/common/mousekey.c ****     else if (code == KC_MS_BTN4) mouse_report.buttons &= ~MOUSE_BTN4;
 162:../../tmk_core/common/mousekey.c ****     else if (code == KC_MS_BTN5) mouse_report.buttons &= ~MOUSE_BTN5;
 163:../../tmk_core/common/mousekey.c ****     else if (code == KC_MS_ACCEL0) mousekey_accel &= ~(1<<0);
 164:../../tmk_core/common/mousekey.c ****     else if (code == KC_MS_ACCEL1) mousekey_accel &= ~(1<<1);
 165:../../tmk_core/common/mousekey.c ****     else if (code == KC_MS_ACCEL2) mousekey_accel &= ~(1<<2);
 166:../../tmk_core/common/mousekey.c **** 
 167:../../tmk_core/common/mousekey.c ****     if (mouse_report.x == 0 && mouse_report.y == 0 && mouse_report.v == 0 && mouse_report.h == 0)
 431               		.loc 1 167 0 is_stmt 1
 432 000e 8091 0000 		lds r24,mouse_report+1
 433 0012 8111      		cpse r24,__zero_reg__
 434 0014 00C0      		rjmp .L48
 435               		.loc 1 167 0 is_stmt 0 discriminator 1
 436 0016 8091 0000 		lds r24,mouse_report+2
 437 001a 8111      		cpse r24,__zero_reg__
 438 001c 00C0      		rjmp .L48
 439               		.loc 1 167 0 discriminator 2
 440 001e 8091 0000 		lds r24,mouse_report+3
 441 0022 8111      		cpse r24,__zero_reg__
 442 0024 00C0      		rjmp .L48
 443               		.loc 1 167 0 discriminator 3
 444 0026 8091 0000 		lds r24,mouse_report+4
 445 002a 8111      		cpse r24,__zero_reg__
 446 002c 00C0      		rjmp .L48
 168:../../tmk_core/common/mousekey.c ****         mousekey_repeat = 0;
 447               		.loc 1 168 0 is_stmt 1
 448 002e 1092 0000 		sts mousekey_repeat,__zero_reg__
 449               	.L48:
 450               	/* epilogue start */
 169:../../tmk_core/common/mousekey.c **** }
 451               		.loc 1 169 0
 452 0032 0895      		ret
 453               	.LVL50:
 454               	.L49:
 151:../../tmk_core/common/mousekey.c ****     else if (code == KC_MS_DOWN     && mouse_report.y > 0) mouse_report.y = 0;
 455               		.loc 1 151 0
 456 0034 813F      		cpi r24,lo8(-15)
 457 0036 01F4      		brne .L51
 151:../../tmk_core/common/mousekey.c ****     else if (code == KC_MS_DOWN     && mouse_report.y > 0) mouse_report.y = 0;
 458               		.loc 1 151 0 is_stmt 0 discriminator 1
 459 0038 8091 0000 		lds r24,mouse_report+2
 460               	.LVL51:
 461 003c 1816      		cp __zero_reg__,r24
 462 003e 04F0      		brlt .L52
 463 0040 00C0      		rjmp .L50
 464               	.LVL52:
 465               	.L51:
 466 0042 9091 0000 		lds r25,mouse_report+1
 152:../../tmk_core/common/mousekey.c ****     else if (code == KC_MS_RIGHT    && mouse_report.x > 0) mouse_report.x = 0;
 467               		.loc 1 152 0 is_stmt 1
 468 0046 823F      		cpi r24,lo8(-14)
 469 0048 01F4      		brne .L53
 152:../../tmk_core/common/mousekey.c ****     else if (code == KC_MS_RIGHT    && mouse_report.x > 0) mouse_report.x = 0;
 470               		.loc 1 152 0 is_stmt 0 discriminator 1
 471 004a 97FF      		sbrs r25,7
 472 004c 00C0      		rjmp .L50
 473               	.L55:
 152:../../tmk_core/common/mousekey.c ****     else if (code == KC_MS_RIGHT    && mouse_report.x > 0) mouse_report.x = 0;
 474               		.loc 1 152 0 discriminator 2
 475 004e 1092 0000 		sts mouse_report+1,__zero_reg__
 476 0052 00C0      		rjmp .L50
 477               	.L53:
 153:../../tmk_core/common/mousekey.c ****     else if (code == KC_MS_WH_UP    && mouse_report.v > 0) mouse_report.v = 0;
 478               		.loc 1 153 0 is_stmt 1
 479 0054 833F      		cpi r24,lo8(-13)
 480 0056 01F4      		brne .L54
 153:../../tmk_core/common/mousekey.c ****     else if (code == KC_MS_WH_UP    && mouse_report.v > 0) mouse_report.v = 0;
 481               		.loc 1 153 0 is_stmt 0 discriminator 1
 482 0058 1916      		cp __zero_reg__,r25
 483 005a 04F0      		brlt .L55
 484 005c 00C0      		rjmp .L50
 485               	.L54:
 154:../../tmk_core/common/mousekey.c ****     else if (code == KC_MS_WH_DOWN  && mouse_report.v < 0) mouse_report.v = 0;
 486               		.loc 1 154 0 is_stmt 1
 487 005e 893F      		cpi r24,lo8(-7)
 488 0060 01F4      		brne .L56
 154:../../tmk_core/common/mousekey.c ****     else if (code == KC_MS_WH_DOWN  && mouse_report.v < 0) mouse_report.v = 0;
 489               		.loc 1 154 0 is_stmt 0 discriminator 1
 490 0062 8091 0000 		lds r24,mouse_report+3
 491               	.LVL53:
 492 0066 1816      		cp __zero_reg__,r24
 493 0068 04F4      		brge .L50
 494               	.L58:
 154:../../tmk_core/common/mousekey.c ****     else if (code == KC_MS_WH_DOWN  && mouse_report.v < 0) mouse_report.v = 0;
 495               		.loc 1 154 0 discriminator 2
 496 006a 1092 0000 		sts mouse_report+3,__zero_reg__
 497 006e 00C0      		rjmp .L50
 498               	.LVL54:
 499               	.L56:
 155:../../tmk_core/common/mousekey.c ****     else if (code == KC_MS_WH_LEFT  && mouse_report.h < 0) mouse_report.h = 0;
 500               		.loc 1 155 0 is_stmt 1
 501 0070 8A3F      		cpi r24,lo8(-6)
 502 0072 01F4      		brne .L57
 155:../../tmk_core/common/mousekey.c ****     else if (code == KC_MS_WH_LEFT  && mouse_report.h < 0) mouse_report.h = 0;
 503               		.loc 1 155 0 is_stmt 0 discriminator 1
 504 0074 8091 0000 		lds r24,mouse_report+3
 505               	.LVL55:
 506 0078 87FF      		sbrs r24,7
 507 007a 00C0      		rjmp .L50
 508 007c 00C0      		rjmp .L58
 509               	.LVL56:
 510               	.L57:
 156:../../tmk_core/common/mousekey.c ****     else if (code == KC_MS_WH_RIGHT && mouse_report.h > 0) mouse_report.h = 0;
 511               		.loc 1 156 0 is_stmt 1
 512 007e 8B3F      		cpi r24,lo8(-5)
 513 0080 01F4      		brne .L59
 156:../../tmk_core/common/mousekey.c ****     else if (code == KC_MS_WH_RIGHT && mouse_report.h > 0) mouse_report.h = 0;
 514               		.loc 1 156 0 is_stmt 0 discriminator 1
 515 0082 8091 0000 		lds r24,mouse_report+4
 516               	.LVL57:
 517 0086 87FF      		sbrs r24,7
 518 0088 00C0      		rjmp .L50
 519               	.L61:
 156:../../tmk_core/common/mousekey.c ****     else if (code == KC_MS_WH_RIGHT && mouse_report.h > 0) mouse_report.h = 0;
 520               		.loc 1 156 0 discriminator 2
 521 008a 1092 0000 		sts mouse_report+4,__zero_reg__
 522 008e 00C0      		rjmp .L50
 523               	.LVL58:
 524               	.L59:
 157:../../tmk_core/common/mousekey.c ****     else if (code == KC_MS_BTN1) mouse_report.buttons &= ~MOUSE_BTN1;
 525               		.loc 1 157 0 is_stmt 1
 526 0090 8C3F      		cpi r24,lo8(-4)
 527 0092 01F4      		brne .L60
 157:../../tmk_core/common/mousekey.c ****     else if (code == KC_MS_BTN1) mouse_report.buttons &= ~MOUSE_BTN1;
 528               		.loc 1 157 0 is_stmt 0 discriminator 1
 529 0094 8091 0000 		lds r24,mouse_report+4
 530               	.LVL59:
 531 0098 1816      		cp __zero_reg__,r24
 532 009a 04F0      		brlt .L61
 533 009c 00C0      		rjmp .L50
 534               	.LVL60:
 535               	.L60:
 158:../../tmk_core/common/mousekey.c ****     else if (code == KC_MS_BTN2) mouse_report.buttons &= ~MOUSE_BTN2;
 536               		.loc 1 158 0 is_stmt 1
 537 009e 843F      		cpi r24,lo8(-12)
 538 00a0 01F4      		brne .L62
 158:../../tmk_core/common/mousekey.c ****     else if (code == KC_MS_BTN2) mouse_report.buttons &= ~MOUSE_BTN2;
 539               		.loc 1 158 0 is_stmt 0 discriminator 1
 540 00a2 8091 0000 		lds r24,mouse_report
 541               	.LVL61:
 542 00a6 8E7F      		andi r24,lo8(-2)
 543               	.L71:
 162:../../tmk_core/common/mousekey.c ****     else if (code == KC_MS_ACCEL0) mousekey_accel &= ~(1<<0);
 544               		.loc 1 162 0 is_stmt 1 discriminator 1
 545 00a8 8093 0000 		sts mouse_report,r24
 546 00ac 00C0      		rjmp .L50
 547               	.LVL62:
 548               	.L62:
 159:../../tmk_core/common/mousekey.c ****     else if (code == KC_MS_BTN3) mouse_report.buttons &= ~MOUSE_BTN3;
 549               		.loc 1 159 0
 550 00ae 853F      		cpi r24,lo8(-11)
 551 00b0 01F4      		brne .L63
 159:../../tmk_core/common/mousekey.c ****     else if (code == KC_MS_BTN3) mouse_report.buttons &= ~MOUSE_BTN3;
 552               		.loc 1 159 0 is_stmt 0 discriminator 1
 553 00b2 8091 0000 		lds r24,mouse_report
 554               	.LVL63:
 555 00b6 8D7F      		andi r24,lo8(-3)
 556 00b8 00C0      		rjmp .L71
 557               	.LVL64:
 558               	.L63:
 160:../../tmk_core/common/mousekey.c ****     else if (code == KC_MS_BTN4) mouse_report.buttons &= ~MOUSE_BTN4;
 559               		.loc 1 160 0 is_stmt 1
 560 00ba 863F      		cpi r24,lo8(-10)
 561 00bc 01F4      		brne .L64
 160:../../tmk_core/common/mousekey.c ****     else if (code == KC_MS_BTN4) mouse_report.buttons &= ~MOUSE_BTN4;
 562               		.loc 1 160 0 is_stmt 0 discriminator 1
 563 00be 8091 0000 		lds r24,mouse_report
 564               	.LVL65:
 565 00c2 8B7F      		andi r24,lo8(-5)
 566 00c4 00C0      		rjmp .L71
 567               	.LVL66:
 568               	.L64:
 161:../../tmk_core/common/mousekey.c ****     else if (code == KC_MS_BTN5) mouse_report.buttons &= ~MOUSE_BTN5;
 569               		.loc 1 161 0 is_stmt 1
 570 00c6 873F      		cpi r24,lo8(-9)
 571 00c8 01F4      		brne .L65
 161:../../tmk_core/common/mousekey.c ****     else if (code == KC_MS_BTN5) mouse_report.buttons &= ~MOUSE_BTN5;
 572               		.loc 1 161 0 is_stmt 0 discriminator 1
 573 00ca 8091 0000 		lds r24,mouse_report
 574               	.LVL67:
 575 00ce 877F      		andi r24,lo8(-9)
 576 00d0 00C0      		rjmp .L71
 577               	.LVL68:
 578               	.L65:
 162:../../tmk_core/common/mousekey.c ****     else if (code == KC_MS_ACCEL0) mousekey_accel &= ~(1<<0);
 579               		.loc 1 162 0 is_stmt 1
 580 00d2 883F      		cpi r24,lo8(-8)
 581 00d4 01F4      		brne .L66
 162:../../tmk_core/common/mousekey.c ****     else if (code == KC_MS_ACCEL0) mousekey_accel &= ~(1<<0);
 582               		.loc 1 162 0 is_stmt 0 discriminator 1
 583 00d6 8091 0000 		lds r24,mouse_report
 584               	.LVL69:
 585 00da 8F7E      		andi r24,lo8(-17)
 586 00dc 00C0      		rjmp .L71
 587               	.LVL70:
 588               	.L66:
 163:../../tmk_core/common/mousekey.c ****     else if (code == KC_MS_ACCEL1) mousekey_accel &= ~(1<<1);
 589               		.loc 1 163 0 is_stmt 1
 590 00de 8D3F      		cpi r24,lo8(-3)
 591 00e0 01F4      		brne .L67
 163:../../tmk_core/common/mousekey.c ****     else if (code == KC_MS_ACCEL1) mousekey_accel &= ~(1<<1);
 592               		.loc 1 163 0 is_stmt 0 discriminator 1
 593 00e2 8091 0000 		lds r24,mousekey_accel
 594               	.LVL71:
 595 00e6 8E7F      		andi r24,lo8(-2)
 596               	.L70:
 165:../../tmk_core/common/mousekey.c **** 
 597               		.loc 1 165 0 is_stmt 1 discriminator 1
 598 00e8 8093 0000 		sts mousekey_accel,r24
 599 00ec 00C0      		rjmp .L50
 600               	.LVL72:
 601               	.L67:
 164:../../tmk_core/common/mousekey.c ****     else if (code == KC_MS_ACCEL2) mousekey_accel &= ~(1<<2);
 602               		.loc 1 164 0
 603 00ee 8E3F      		cpi r24,lo8(-2)
 604 00f0 01F4      		brne .L68
 164:../../tmk_core/common/mousekey.c ****     else if (code == KC_MS_ACCEL2) mousekey_accel &= ~(1<<2);
 605               		.loc 1 164 0 is_stmt 0 discriminator 1
 606 00f2 8091 0000 		lds r24,mousekey_accel
 607               	.LVL73:
 608 00f6 8D7F      		andi r24,lo8(-3)
 609 00f8 00C0      		rjmp .L70
 610               	.LVL74:
 611               	.L68:
 165:../../tmk_core/common/mousekey.c **** 
 612               		.loc 1 165 0 is_stmt 1
 613 00fa 8F3F      		cpi r24,lo8(-1)
 614 00fc 01F0      		breq .+2
 615 00fe 00C0      		rjmp .L50
 165:../../tmk_core/common/mousekey.c **** 
 616               		.loc 1 165 0 is_stmt 0 discriminator 1
 617 0100 8091 0000 		lds r24,mousekey_accel
 618               	.LVL75:
 619 0104 8B7F      		andi r24,lo8(-5)
 620 0106 00C0      		rjmp .L70
 621               		.cfi_endproc
 622               	.LFE104:
 624               		.section	.text.mousekey_send,"ax",@progbits
 625               	.global	mousekey_send
 627               	mousekey_send:
 628               	.LFB105:
 170:../../tmk_core/common/mousekey.c **** 
 171:../../tmk_core/common/mousekey.c **** void mousekey_send(void)
 172:../../tmk_core/common/mousekey.c **** {
 629               		.loc 1 172 0 is_stmt 1
 630               		.cfi_startproc
 631               	/* prologue: function */
 632               	/* frame size = 0 */
 633               	/* stack size = 0 */
 634               	.L__stack_usage = 0
 635               	.LBB19:
 636               	.LBB20:
 173:../../tmk_core/common/mousekey.c ****     mousekey_debug();
 174:../../tmk_core/common/mousekey.c ****     host_mouse_send(&mouse_report);
 175:../../tmk_core/common/mousekey.c ****     last_timer = timer_read();
 176:../../tmk_core/common/mousekey.c **** }
 177:../../tmk_core/common/mousekey.c **** 
 178:../../tmk_core/common/mousekey.c **** void mousekey_clear(void)
 179:../../tmk_core/common/mousekey.c **** {
 180:../../tmk_core/common/mousekey.c ****     mouse_report = (report_mouse_t){};
 181:../../tmk_core/common/mousekey.c ****     mousekey_repeat = 0;
 182:../../tmk_core/common/mousekey.c ****     mousekey_accel = 0;
 183:../../tmk_core/common/mousekey.c **** }
 184:../../tmk_core/common/mousekey.c **** 
 185:../../tmk_core/common/mousekey.c **** static void mousekey_debug(void)
 186:../../tmk_core/common/mousekey.c **** {
 187:../../tmk_core/common/mousekey.c ****     if (!debug_mouse) return;
 637               		.loc 1 187 0
 638 0000 8091 0000 		lds r24,debug_config
 639 0004 83FF      		sbrs r24,3
 640 0006 00C0      		rjmp .L73
 188:../../tmk_core/common/mousekey.c ****     print("mousekey [btn|x y v h](rep/acl): [");
 641               		.loc 1 188 0
 642 0008 80E0      		ldi r24,lo8(__c.4577)
 643 000a 90E0      		ldi r25,hi8(__c.4577)
 644 000c 0E94 0000 		call xputs
 189:../../tmk_core/common/mousekey.c ****     phex(mouse_report.buttons); print("|");
 645               		.loc 1 189 0
 646 0010 8091 0000 		lds r24,mouse_report
 647 0014 1F92      		push __zero_reg__
 648               	.LCFI0:
 649               		.cfi_def_cfa_offset 3
 650 0016 8F93      		push r24
 651               	.LCFI1:
 652               		.cfi_def_cfa_offset 4
 653 0018 80E0      		ldi r24,lo8(__c.4579)
 654 001a 90E0      		ldi r25,hi8(__c.4579)
 655 001c 9F93      		push r25
 656               	.LCFI2:
 657               		.cfi_def_cfa_offset 5
 658 001e 8F93      		push r24
 659               	.LCFI3:
 660               		.cfi_def_cfa_offset 6
 661 0020 0E94 0000 		call __xprintf
 662 0024 80E0      		ldi r24,lo8(__c.4581)
 663 0026 90E0      		ldi r25,hi8(__c.4581)
 664 0028 0E94 0000 		call xputs
 190:../../tmk_core/common/mousekey.c ****     print_decs(mouse_report.x); print(" ");
 665               		.loc 1 190 0
 666 002c 8091 0000 		lds r24,mouse_report+1
 667 0030 282F      		mov r18,r24
 668 0032 082E      		mov __tmp_reg__,r24
 669 0034 000C      		lsl r0
 670 0036 330B      		sbc r19,r19
 671 0038 3F93      		push r19
 672               	.LCFI4:
 673               		.cfi_def_cfa_offset 7
 674 003a 8F93      		push r24
 675               	.LCFI5:
 676               		.cfi_def_cfa_offset 8
 677 003c 80E0      		ldi r24,lo8(__c.4583)
 678 003e 90E0      		ldi r25,hi8(__c.4583)
 679 0040 9F93      		push r25
 680               	.LCFI6:
 681               		.cfi_def_cfa_offset 9
 682 0042 8F93      		push r24
 683               	.LCFI7:
 684               		.cfi_def_cfa_offset 10
 685 0044 0E94 0000 		call __xprintf
 686 0048 80E0      		ldi r24,lo8(__c.4585)
 687 004a 90E0      		ldi r25,hi8(__c.4585)
 688 004c 0E94 0000 		call xputs
 191:../../tmk_core/common/mousekey.c ****     print_decs(mouse_report.y); print(" ");
 689               		.loc 1 191 0
 690 0050 8091 0000 		lds r24,mouse_report+2
 691 0054 282F      		mov r18,r24
 692 0056 082E      		mov __tmp_reg__,r24
 693 0058 000C      		lsl r0
 694 005a 330B      		sbc r19,r19
 695 005c 3F93      		push r19
 696               	.LCFI8:
 697               		.cfi_def_cfa_offset 11
 698 005e 8F93      		push r24
 699               	.LCFI9:
 700               		.cfi_def_cfa_offset 12
 701 0060 80E0      		ldi r24,lo8(__c.4587)
 702 0062 90E0      		ldi r25,hi8(__c.4587)
 703 0064 9F93      		push r25
 704               	.LCFI10:
 705               		.cfi_def_cfa_offset 13
 706 0066 8F93      		push r24
 707               	.LCFI11:
 708               		.cfi_def_cfa_offset 14
 709 0068 0E94 0000 		call __xprintf
 710 006c 80E0      		ldi r24,lo8(__c.4589)
 711 006e 90E0      		ldi r25,hi8(__c.4589)
 712 0070 0E94 0000 		call xputs
 192:../../tmk_core/common/mousekey.c ****     print_decs(mouse_report.v); print(" ");
 713               		.loc 1 192 0
 714 0074 8091 0000 		lds r24,mouse_report+3
 715 0078 282F      		mov r18,r24
 716 007a 082E      		mov __tmp_reg__,r24
 717 007c 000C      		lsl r0
 718 007e 330B      		sbc r19,r19
 719 0080 3F93      		push r19
 720               	.LCFI12:
 721               		.cfi_def_cfa_offset 15
 722 0082 8F93      		push r24
 723               	.LCFI13:
 724               		.cfi_def_cfa_offset 16
 725 0084 80E0      		ldi r24,lo8(__c.4591)
 726 0086 90E0      		ldi r25,hi8(__c.4591)
 727 0088 9F93      		push r25
 728               	.LCFI14:
 729               		.cfi_def_cfa_offset 17
 730 008a 8F93      		push r24
 731               	.LCFI15:
 732               		.cfi_def_cfa_offset 18
 733 008c 0E94 0000 		call __xprintf
 734 0090 80E0      		ldi r24,lo8(__c.4593)
 735 0092 90E0      		ldi r25,hi8(__c.4593)
 736 0094 0E94 0000 		call xputs
 193:../../tmk_core/common/mousekey.c ****     print_decs(mouse_report.h); print("](");
 737               		.loc 1 193 0
 738 0098 8091 0000 		lds r24,mouse_report+4
 739 009c 282F      		mov r18,r24
 740 009e 082E      		mov __tmp_reg__,r24
 741 00a0 000C      		lsl r0
 742 00a2 330B      		sbc r19,r19
 743 00a4 3F93      		push r19
 744               	.LCFI16:
 745               		.cfi_def_cfa_offset 19
 746 00a6 8F93      		push r24
 747               	.LCFI17:
 748               		.cfi_def_cfa_offset 20
 749 00a8 80E0      		ldi r24,lo8(__c.4595)
 750 00aa 90E0      		ldi r25,hi8(__c.4595)
 751 00ac 9F93      		push r25
 752               	.LCFI18:
 753               		.cfi_def_cfa_offset 21
 754 00ae 8F93      		push r24
 755               	.LCFI19:
 756               		.cfi_def_cfa_offset 22
 757 00b0 0E94 0000 		call __xprintf
 758 00b4 80E0      		ldi r24,lo8(__c.4597)
 759 00b6 90E0      		ldi r25,hi8(__c.4597)
 760 00b8 0E94 0000 		call xputs
 194:../../tmk_core/common/mousekey.c ****     print_dec(mousekey_repeat); print("/");
 761               		.loc 1 194 0
 762 00bc 8091 0000 		lds r24,mousekey_repeat
 763 00c0 1F92      		push __zero_reg__
 764               	.LCFI20:
 765               		.cfi_def_cfa_offset 23
 766 00c2 8F93      		push r24
 767               	.LCFI21:
 768               		.cfi_def_cfa_offset 24
 769 00c4 80E0      		ldi r24,lo8(__c.4599)
 770 00c6 90E0      		ldi r25,hi8(__c.4599)
 771 00c8 9F93      		push r25
 772               	.LCFI22:
 773               		.cfi_def_cfa_offset 25
 774 00ca 8F93      		push r24
 775               	.LCFI23:
 776               		.cfi_def_cfa_offset 26
 777 00cc 0E94 0000 		call __xprintf
 778 00d0 80E0      		ldi r24,lo8(__c.4601)
 779 00d2 90E0      		ldi r25,hi8(__c.4601)
 780 00d4 0E94 0000 		call xputs
 195:../../tmk_core/common/mousekey.c ****     print_dec(mousekey_accel); print(")\n");
 781               		.loc 1 195 0
 782 00d8 8091 0000 		lds r24,mousekey_accel
 783 00dc 1F92      		push __zero_reg__
 784               	.LCFI24:
 785               		.cfi_def_cfa_offset 27
 786 00de 8F93      		push r24
 787               	.LCFI25:
 788               		.cfi_def_cfa_offset 28
 789 00e0 80E0      		ldi r24,lo8(__c.4603)
 790 00e2 90E0      		ldi r25,hi8(__c.4603)
 791 00e4 9F93      		push r25
 792               	.LCFI26:
 793               		.cfi_def_cfa_offset 29
 794 00e6 8F93      		push r24
 795               	.LCFI27:
 796               		.cfi_def_cfa_offset 30
 797 00e8 0E94 0000 		call __xprintf
 798 00ec 80E0      		ldi r24,lo8(__c.4605)
 799 00ee 90E0      		ldi r25,hi8(__c.4605)
 800 00f0 0E94 0000 		call xputs
 801 00f4 8DB7      		in r24,__SP_L__
 802 00f6 9EB7      		in r25,__SP_H__
 803 00f8 4C96      		adiw r24,28
 804 00fa 0FB6      		in __tmp_reg__,__SREG__
 805 00fc F894      		cli
 806 00fe 9EBF      		out __SP_H__,r25
 807 0100 0FBE      		out __SREG__,__tmp_reg__
 808 0102 8DBF      		out __SP_L__,r24
 809               	.LCFI28:
 810               		.cfi_def_cfa_offset 2
 811               	.L73:
 812               	.LBE20:
 813               	.LBE19:
 174:../../tmk_core/common/mousekey.c ****     last_timer = timer_read();
 814               		.loc 1 174 0
 815 0104 80E0      		ldi r24,lo8(mouse_report)
 816 0106 90E0      		ldi r25,hi8(mouse_report)
 817 0108 0E94 0000 		call host_mouse_send
 175:../../tmk_core/common/mousekey.c **** }
 818               		.loc 1 175 0
 819 010c 0E94 0000 		call timer_read
 820 0110 9093 0000 		sts last_timer+1,r25
 821 0114 8093 0000 		sts last_timer,r24
 822               	/* epilogue start */
 176:../../tmk_core/common/mousekey.c **** 
 823               		.loc 1 176 0
 824 0118 0895      		ret
 825               		.cfi_endproc
 826               	.LFE105:
 828               	.global	__floatsisf
 829               	.global	__mulsf3
 830               	.global	__fixsfsi
 831               		.section	.text.mousekey_task,"ax",@progbits
 832               	.global	mousekey_task
 834               	mousekey_task:
 835               	.LFB102:
  98:../../tmk_core/common/mousekey.c ****     if (timer_elapsed(last_timer) < (mousekey_repeat ? mk_interval : mk_delay*10))
 836               		.loc 1 98 0
 837               		.cfi_startproc
 838 0000 1F93      		push r17
 839               	.LCFI29:
 840               		.cfi_def_cfa_offset 3
 841               		.cfi_offset 17, -2
 842 0002 CF93      		push r28
 843               	.LCFI30:
 844               		.cfi_def_cfa_offset 4
 845               		.cfi_offset 28, -3
 846 0004 DF93      		push r29
 847               	.LCFI31:
 848               		.cfi_def_cfa_offset 5
 849               		.cfi_offset 29, -4
 850               	/* prologue: function */
 851               	/* frame size = 0 */
 852               	/* stack size = 3 */
 853               	.L__stack_usage = 3
  99:../../tmk_core/common/mousekey.c ****         return;
 854               		.loc 1 99 0
 855 0006 8091 0000 		lds r24,last_timer
 856 000a 9091 0000 		lds r25,last_timer+1
 857 000e 0E94 0000 		call timer_elapsed
 858               	.LVL76:
 859 0012 AC01      		movw r20,r24
 860 0014 9091 0000 		lds r25,mousekey_repeat
 861 0018 2091 0000 		lds r18,mk_interval
 862 001c 30E0      		ldi r19,0
 863 001e 9111      		cpse r25,__zero_reg__
 864 0020 00C0      		rjmp .L79
  99:../../tmk_core/common/mousekey.c ****         return;
 865               		.loc 1 99 0 is_stmt 0 discriminator 2
 866 0022 2091 0000 		lds r18,mk_delay
 867 0026 8AE0      		ldi r24,lo8(10)
 868 0028 289F      		mul r18,r24
 869 002a 9001      		movw r18,r0
 870 002c 1124      		clr __zero_reg__
 871               	.L79:
  99:../../tmk_core/common/mousekey.c ****         return;
 872               		.loc 1 99 0 discriminator 4
 873 002e 4217      		cp r20,r18
 874 0030 5307      		cpc r21,r19
 875 0032 00F0      		brlo .L77
 102:../../tmk_core/common/mousekey.c ****         return;
 876               		.loc 1 102 0 is_stmt 1
 877 0034 8091 0000 		lds r24,mouse_report+1
 878 0038 C091 0000 		lds r28,mouse_report+2
 879 003c 1091 0000 		lds r17,mouse_report+3
 880 0040 D091 0000 		lds r29,mouse_report+4
 881 0044 8111      		cpse r24,__zero_reg__
 882 0046 00C0      		rjmp .L81
 102:../../tmk_core/common/mousekey.c ****         return;
 883               		.loc 1 102 0 is_stmt 0 discriminator 1
 884 0048 C111      		cpse r28,__zero_reg__
 885 004a 00C0      		rjmp .L82
 102:../../tmk_core/common/mousekey.c ****         return;
 886               		.loc 1 102 0 discriminator 2
 887 004c 1111      		cpse r17,__zero_reg__
 888 004e 00C0      		rjmp .L82
 102:../../tmk_core/common/mousekey.c ****         return;
 889               		.loc 1 102 0 discriminator 3
 890 0050 D111      		cpse r29,__zero_reg__
 891 0052 00C0      		rjmp .L82
 892               	.L77:
 893               	/* epilogue start */
 126:../../tmk_core/common/mousekey.c **** 
 894               		.loc 1 126 0 is_stmt 1
 895 0054 DF91      		pop r29
 896 0056 CF91      		pop r28
 897 0058 1F91      		pop r17
 898 005a 0895      		ret
 899               	.L81:
 105:../../tmk_core/common/mousekey.c ****         mousekey_repeat++;
 900               		.loc 1 105 0
 901 005c 9F3F      		cpi r25,lo8(-1)
 902 005e 01F0      		breq .L83
 903               	.L93:
 106:../../tmk_core/common/mousekey.c **** 
 904               		.loc 1 106 0
 905 0060 9F5F      		subi r25,lo8(-(1))
 906 0062 9093 0000 		sts mousekey_repeat,r25
 907               	.L83:
 109:../../tmk_core/common/mousekey.c ****     if (mouse_report.x < 0) mouse_report.x = move_unit() * -1;
 908               		.loc 1 109 0
 909 0066 1816      		cp __zero_reg__,r24
 910 0068 04F4      		brge .L84
 109:../../tmk_core/common/mousekey.c ****     if (mouse_report.x < 0) mouse_report.x = move_unit() * -1;
 911               		.loc 1 109 0 is_stmt 0 discriminator 1
 912 006a 0E94 0000 		call move_unit
 913               	.LVL77:
 914 006e 8093 0000 		sts mouse_report+1,r24
 915               	.L84:
 110:../../tmk_core/common/mousekey.c ****     if (mouse_report.y > 0) mouse_report.y = move_unit();
 916               		.loc 1 110 0 is_stmt 1
 917 0072 8091 0000 		lds r24,mouse_report+1
 918 0076 87FF      		sbrs r24,7
 919 0078 00C0      		rjmp .L85
 110:../../tmk_core/common/mousekey.c ****     if (mouse_report.y > 0) mouse_report.y = move_unit();
 920               		.loc 1 110 0 is_stmt 0 discriminator 1
 921 007a 0E94 0000 		call move_unit
 922               	.LVL78:
 923 007e 8195      		neg r24
 924 0080 8093 0000 		sts mouse_report+1,r24
 925               	.L85:
 111:../../tmk_core/common/mousekey.c ****     if (mouse_report.y < 0) mouse_report.y = move_unit() * -1;
 926               		.loc 1 111 0 is_stmt 1
 927 0084 1C16      		cp __zero_reg__,r28
 928 0086 04F4      		brge .L86
 111:../../tmk_core/common/mousekey.c ****     if (mouse_report.y < 0) mouse_report.y = move_unit() * -1;
 929               		.loc 1 111 0 is_stmt 0 discriminator 1
 930 0088 0E94 0000 		call move_unit
 931               	.LVL79:
 932 008c 8093 0000 		sts mouse_report+2,r24
 933               	.L86:
 112:../../tmk_core/common/mousekey.c **** 
 934               		.loc 1 112 0 is_stmt 1
 935 0090 8091 0000 		lds r24,mouse_report+2
 936 0094 87FF      		sbrs r24,7
 937 0096 00C0      		rjmp .L87
 112:../../tmk_core/common/mousekey.c **** 
 938               		.loc 1 112 0 is_stmt 0 discriminator 1
 939 0098 0E94 0000 		call move_unit
 940               	.LVL80:
 941 009c 8195      		neg r24
 942 009e 8093 0000 		sts mouse_report+2,r24
 943               	.L87:
 115:../../tmk_core/common/mousekey.c ****         mouse_report.x *= 0.7;
 944               		.loc 1 115 0 is_stmt 1
 945 00a2 6091 0000 		lds r22,mouse_report+1
 946 00a6 6623      		tst r22
 947 00a8 01F0      		breq .L88
 115:../../tmk_core/common/mousekey.c ****         mouse_report.x *= 0.7;
 948               		.loc 1 115 0 is_stmt 0 discriminator 1
 949 00aa C091 0000 		lds r28,mouse_report+2
 950 00ae CC23      		tst r28
 951 00b0 01F0      		breq .L88
 116:../../tmk_core/common/mousekey.c ****         mouse_report.y *= 0.7;
 952               		.loc 1 116 0 is_stmt 1
 953 00b2 062E      		mov __tmp_reg__,r22
 954 00b4 000C      		lsl r0
 955 00b6 770B      		sbc r23,r23
 956 00b8 880B      		sbc r24,r24
 957 00ba 990B      		sbc r25,r25
 958 00bc 0E94 0000 		call __floatsisf
 959               	.LVL81:
 960 00c0 23E3      		ldi r18,lo8(51)
 961 00c2 33E3      		ldi r19,lo8(51)
 962 00c4 43E3      		ldi r20,lo8(51)
 963 00c6 5FE3      		ldi r21,lo8(63)
 964 00c8 0E94 0000 		call __mulsf3
 965               	.LVL82:
 966 00cc 0E94 0000 		call __fixsfsi
 967               	.LVL83:
 968 00d0 6093 0000 		sts mouse_report+1,r22
 117:../../tmk_core/common/mousekey.c ****     }
 969               		.loc 1 117 0
 970 00d4 6C2F      		mov r22,r28
 971 00d6 CC0F      		lsl r28
 972 00d8 770B      		sbc r23,r23
 973 00da 880B      		sbc r24,r24
 974 00dc 990B      		sbc r25,r25
 975 00de 0E94 0000 		call __floatsisf
 976               	.LVL84:
 977 00e2 23E3      		ldi r18,lo8(51)
 978 00e4 33E3      		ldi r19,lo8(51)
 979 00e6 43E3      		ldi r20,lo8(51)
 980 00e8 5FE3      		ldi r21,lo8(63)
 981 00ea 0E94 0000 		call __mulsf3
 982               	.LVL85:
 983 00ee 0E94 0000 		call __fixsfsi
 984               	.LVL86:
 985 00f2 6093 0000 		sts mouse_report+2,r22
 986               	.L88:
 120:../../tmk_core/common/mousekey.c ****     if (mouse_report.v < 0) mouse_report.v = wheel_unit() * -1;
 987               		.loc 1 120 0
 988 00f6 1116      		cp __zero_reg__,r17
 989 00f8 04F4      		brge .L89
 120:../../tmk_core/common/mousekey.c ****     if (mouse_report.v < 0) mouse_report.v = wheel_unit() * -1;
 990               		.loc 1 120 0 is_stmt 0 discriminator 1
 991 00fa 0E94 0000 		call wheel_unit
 992               	.LVL87:
 993 00fe 8093 0000 		sts mouse_report+3,r24
 994               	.L89:
 121:../../tmk_core/common/mousekey.c ****     if (mouse_report.h > 0) mouse_report.h = wheel_unit();
 995               		.loc 1 121 0 is_stmt 1
 996 0102 8091 0000 		lds r24,mouse_report+3
 997 0106 87FF      		sbrs r24,7
 998 0108 00C0      		rjmp .L90
 121:../../tmk_core/common/mousekey.c ****     if (mouse_report.h > 0) mouse_report.h = wheel_unit();
 999               		.loc 1 121 0 is_stmt 0 discriminator 1
 1000 010a 0E94 0000 		call wheel_unit
 1001               	.LVL88:
 1002 010e 8195      		neg r24
 1003 0110 8093 0000 		sts mouse_report+3,r24
 1004               	.L90:
 122:../../tmk_core/common/mousekey.c ****     if (mouse_report.h < 0) mouse_report.h = wheel_unit() * -1;
 1005               		.loc 1 122 0 is_stmt 1
 1006 0114 1D16      		cp __zero_reg__,r29
 1007 0116 04F4      		brge .L91
 122:../../tmk_core/common/mousekey.c ****     if (mouse_report.h < 0) mouse_report.h = wheel_unit() * -1;
 1008               		.loc 1 122 0 is_stmt 0 discriminator 1
 1009 0118 0E94 0000 		call wheel_unit
 1010               	.LVL89:
 1011 011c 8093 0000 		sts mouse_report+4,r24
 1012               	.L91:
 123:../../tmk_core/common/mousekey.c **** 
 1013               		.loc 1 123 0 is_stmt 1
 1014 0120 8091 0000 		lds r24,mouse_report+4
 1015 0124 87FF      		sbrs r24,7
 1016 0126 00C0      		rjmp .L92
 123:../../tmk_core/common/mousekey.c **** 
 1017               		.loc 1 123 0 is_stmt 0 discriminator 1
 1018 0128 0E94 0000 		call wheel_unit
 1019               	.LVL90:
 1020 012c 8195      		neg r24
 1021 012e 8093 0000 		sts mouse_report+4,r24
 1022               	.L92:
 1023               	/* epilogue start */
 126:../../tmk_core/common/mousekey.c **** 
 1024               		.loc 1 126 0 is_stmt 1
 1025 0132 DF91      		pop r29
 1026 0134 CF91      		pop r28
 1027 0136 1F91      		pop r17
 125:../../tmk_core/common/mousekey.c **** }
 1028               		.loc 1 125 0
 1029 0138 0C94 0000 		jmp mousekey_send
 1030               	.LVL91:
 1031               	.L82:
 105:../../tmk_core/common/mousekey.c ****         mousekey_repeat++;
 1032               		.loc 1 105 0
 1033 013c 9F3F      		cpi r25,lo8(-1)
 1034 013e 01F0      		breq .+2
 1035 0140 00C0      		rjmp .L93
 1036 0142 00C0      		rjmp .L85
 1037               		.cfi_endproc
 1038               	.LFE102:
 1040               		.section	.text.mousekey_clear,"ax",@progbits
 1041               	.global	mousekey_clear
 1043               	mousekey_clear:
 1044               	.LFB106:
 179:../../tmk_core/common/mousekey.c ****     mouse_report = (report_mouse_t){};
 1045               		.loc 1 179 0
 1046               		.cfi_startproc
 1047               	/* prologue: function */
 1048               	/* frame size = 0 */
 1049               	/* stack size = 0 */
 1050               	.L__stack_usage = 0
 180:../../tmk_core/common/mousekey.c ****     mousekey_repeat = 0;
 1051               		.loc 1 180 0
 1052 0000 85E0      		ldi r24,lo8(5)
 1053 0002 E0E0      		ldi r30,lo8(mouse_report)
 1054 0004 F0E0      		ldi r31,hi8(mouse_report)
 1055 0006 DF01      		movw r26,r30
 1056               		0:
 1057 0008 1D92      		st X+,__zero_reg__
 1058 000a 8A95      		dec r24
 1059 000c 01F4      		brne 0b
 181:../../tmk_core/common/mousekey.c ****     mousekey_accel = 0;
 1060               		.loc 1 181 0
 1061 000e 1092 0000 		sts mousekey_repeat,__zero_reg__
 182:../../tmk_core/common/mousekey.c **** }
 1062               		.loc 1 182 0
 1063 0012 1092 0000 		sts mousekey_accel,__zero_reg__
 1064               	/* epilogue start */
 183:../../tmk_core/common/mousekey.c **** 
 1065               		.loc 1 183 0
 1066 0016 0895      		ret
 1067               		.cfi_endproc
 1068               	.LFE106:
 1070               		.section	.progmem.data.__c.4605,"a",@progbits
 1073               	__c.4605:
 1074 0000 290A 00   		.string	")\n"
 1075               		.section	.progmem.data.__c.4603,"a",@progbits
 1078               	__c.4603:
 1079 0000 2575 00   		.string	"%u"
 1080               		.section	.progmem.data.__c.4601,"a",@progbits
 1083               	__c.4601:
 1084 0000 2F00      		.string	"/"
 1085               		.section	.progmem.data.__c.4599,"a",@progbits
 1088               	__c.4599:
 1089 0000 2575 00   		.string	"%u"
 1090               		.section	.progmem.data.__c.4597,"a",@progbits
 1093               	__c.4597:
 1094 0000 5D28 00   		.string	"]("
 1095               		.section	.progmem.data.__c.4595,"a",@progbits
 1098               	__c.4595:
 1099 0000 2564 00   		.string	"%d"
 1100               		.section	.progmem.data.__c.4593,"a",@progbits
 1103               	__c.4593:
 1104 0000 2000      		.string	" "
 1105               		.section	.progmem.data.__c.4591,"a",@progbits
 1108               	__c.4591:
 1109 0000 2564 00   		.string	"%d"
 1110               		.section	.progmem.data.__c.4589,"a",@progbits
 1113               	__c.4589:
 1114 0000 2000      		.string	" "
 1115               		.section	.progmem.data.__c.4587,"a",@progbits
 1118               	__c.4587:
 1119 0000 2564 00   		.string	"%d"
 1120               		.section	.progmem.data.__c.4585,"a",@progbits
 1123               	__c.4585:
 1124 0000 2000      		.string	" "
 1125               		.section	.progmem.data.__c.4583,"a",@progbits
 1128               	__c.4583:
 1129 0000 2564 00   		.string	"%d"
 1130               		.section	.progmem.data.__c.4581,"a",@progbits
 1133               	__c.4581:
 1134 0000 7C00      		.string	"|"
 1135               		.section	.progmem.data.__c.4579,"a",@progbits
 1138               	__c.4579:
 1139 0000 2530 3258 		.string	"%02X"
 1139      00
 1140               		.section	.progmem.data.__c.4577,"a",@progbits
 1143               	__c.4577:
 1144 0000 6D6F 7573 		.string	"mousekey [btn|x y v h](rep/acl): ["
 1144      656B 6579 
 1144      205B 6274 
 1144      6E7C 7820 
 1144      7920 7620 
 1145               		.section	.bss.last_timer,"aw",@nobits
 1148               	last_timer:
 1149 0000 0000      		.zero	2
 1150               	.global	mk_wheel_time_to_max
 1151               		.section	.data.mk_wheel_time_to_max,"aw",@progbits
 1154               	mk_wheel_time_to_max:
 1155 0000 28        		.byte	40
 1156               	.global	mk_wheel_max_speed
 1157               		.section	.data.mk_wheel_max_speed,"aw",@progbits
 1160               	mk_wheel_max_speed:
 1161 0000 08        		.byte	8
 1162               	.global	mk_time_to_max
 1163               		.section	.data.mk_time_to_max,"aw",@progbits
 1166               	mk_time_to_max:
 1167 0000 14        		.byte	20
 1168               	.global	mk_max_speed
 1169               		.section	.data.mk_max_speed,"aw",@progbits
 1172               	mk_max_speed:
 1173 0000 0A        		.byte	10
 1174               	.global	mk_interval
 1175               		.section	.data.mk_interval,"aw",@progbits
 1178               	mk_interval:
 1179 0000 32        		.byte	50
 1180               	.global	mk_delay
 1181               		.section	.data.mk_delay,"aw",@progbits
 1184               	mk_delay:
 1185 0000 1E        		.byte	30
 1186               		.section	.bss.mousekey_accel,"aw",@nobits
 1189               	mousekey_accel:
 1190 0000 00        		.zero	1
 1191               		.section	.bss.mousekey_repeat,"aw",@nobits
 1194               	mousekey_repeat:
 1195 0000 00        		.zero	1
 1196               		.section	.bss.mouse_report,"aw",@nobits
 1199               	mouse_report:
 1200 0000 0000 0000 		.zero	5
 1200      00
 1201               		.text
 1202               	.Letext0:
 1203               		.file 2 "/usr/local/Cellar/avr-gcc/7.2.0/avr/include/stdint.h"
 1204               		.file 3 "../../tmk_core/protocol/lufa/LUFA-git/LUFA/Drivers/USB/Core/AVR8/../StdRequestType.h"
 1205               		.file 4 "../../tmk_core/protocol/lufa/LUFA-git/LUFA/Drivers/USB/Core/AVR8/../DeviceStandardReq.h"
 1206               		.file 5 "../../tmk_core/protocol/lufa/LUFA-git/LUFA/Drivers/USB/Core/USBTask.h"
 1207               		.file 6 "../../tmk_core/protocol/lufa/LUFA-git/LUFA/Drivers/USB/Core/HostStandardReq.h"
 1208               		.file 7 "/usr/local/Cellar/avr-gcc/7.2.0/avr/include/stdio.h"
 1209               		.file 8 "../../tmk_core/common/report.h"
 1210               		.file 9 "../../tmk_core/common/host.h"
 1211               		.file 10 "../../tmk_core/common/timer.h"
 1212               		.file 11 "../../tmk_core/common/avr/xprintf.h"
 1213               		.file 12 "../../tmk_core/common/debug.h"
 1214               		.file 13 "../../tmk_core/common/mousekey.h"
 1215               		.file 14 "../../tmk_core/common/keycode.h"
DEFINED SYMBOLS
                            *ABS*:0000000000000000 mousekey.c
/var/folders/0t/kvl6kk9d4s327fss_3zj34vc3_bfct/T//ccXbkA1c.s:2      *ABS*:000000000000003e __SP_H__
/var/folders/0t/kvl6kk9d4s327fss_3zj34vc3_bfct/T//ccXbkA1c.s:3      *ABS*:000000000000003d __SP_L__
/var/folders/0t/kvl6kk9d4s327fss_3zj34vc3_bfct/T//ccXbkA1c.s:4      *ABS*:000000000000003f __SREG__
/var/folders/0t/kvl6kk9d4s327fss_3zj34vc3_bfct/T//ccXbkA1c.s:5      *ABS*:0000000000000000 __tmp_reg__
/var/folders/0t/kvl6kk9d4s327fss_3zj34vc3_bfct/T//ccXbkA1c.s:6      *ABS*:0000000000000001 __zero_reg__
/var/folders/0t/kvl6kk9d4s327fss_3zj34vc3_bfct/T//ccXbkA1c.s:12     .text.move_unit:0000000000000000 move_unit
/var/folders/0t/kvl6kk9d4s327fss_3zj34vc3_bfct/T//ccXbkA1c.s:1189   .bss.mousekey_accel:0000000000000000 mousekey_accel
/var/folders/0t/kvl6kk9d4s327fss_3zj34vc3_bfct/T//ccXbkA1c.s:1172   .data.mk_max_speed:0000000000000000 mk_max_speed
/var/folders/0t/kvl6kk9d4s327fss_3zj34vc3_bfct/T//ccXbkA1c.s:1194   .bss.mousekey_repeat:0000000000000000 mousekey_repeat
/var/folders/0t/kvl6kk9d4s327fss_3zj34vc3_bfct/T//ccXbkA1c.s:1166   .data.mk_time_to_max:0000000000000000 mk_time_to_max
/var/folders/0t/kvl6kk9d4s327fss_3zj34vc3_bfct/T//ccXbkA1c.s:125    .text.wheel_unit:0000000000000000 wheel_unit
/var/folders/0t/kvl6kk9d4s327fss_3zj34vc3_bfct/T//ccXbkA1c.s:1160   .data.mk_wheel_max_speed:0000000000000000 mk_wheel_max_speed
/var/folders/0t/kvl6kk9d4s327fss_3zj34vc3_bfct/T//ccXbkA1c.s:1154   .data.mk_wheel_time_to_max:0000000000000000 mk_wheel_time_to_max
/var/folders/0t/kvl6kk9d4s327fss_3zj34vc3_bfct/T//ccXbkA1c.s:221    .text.mousekey_on:0000000000000000 mousekey_on
/var/folders/0t/kvl6kk9d4s327fss_3zj34vc3_bfct/T//ccXbkA1c.s:1199   .bss.mouse_report:0000000000000000 mouse_report
/var/folders/0t/kvl6kk9d4s327fss_3zj34vc3_bfct/T//ccXbkA1c.s:411    .text.mousekey_off:0000000000000000 mousekey_off
/var/folders/0t/kvl6kk9d4s327fss_3zj34vc3_bfct/T//ccXbkA1c.s:627    .text.mousekey_send:0000000000000000 mousekey_send
/var/folders/0t/kvl6kk9d4s327fss_3zj34vc3_bfct/T//ccXbkA1c.s:1143   .progmem.data.__c.4577:0000000000000000 __c.4577
/var/folders/0t/kvl6kk9d4s327fss_3zj34vc3_bfct/T//ccXbkA1c.s:1138   .progmem.data.__c.4579:0000000000000000 __c.4579
/var/folders/0t/kvl6kk9d4s327fss_3zj34vc3_bfct/T//ccXbkA1c.s:1133   .progmem.data.__c.4581:0000000000000000 __c.4581
/var/folders/0t/kvl6kk9d4s327fss_3zj34vc3_bfct/T//ccXbkA1c.s:1128   .progmem.data.__c.4583:0000000000000000 __c.4583
/var/folders/0t/kvl6kk9d4s327fss_3zj34vc3_bfct/T//ccXbkA1c.s:1123   .progmem.data.__c.4585:0000000000000000 __c.4585
/var/folders/0t/kvl6kk9d4s327fss_3zj34vc3_bfct/T//ccXbkA1c.s:1118   .progmem.data.__c.4587:0000000000000000 __c.4587
/var/folders/0t/kvl6kk9d4s327fss_3zj34vc3_bfct/T//ccXbkA1c.s:1113   .progmem.data.__c.4589:0000000000000000 __c.4589
/var/folders/0t/kvl6kk9d4s327fss_3zj34vc3_bfct/T//ccXbkA1c.s:1108   .progmem.data.__c.4591:0000000000000000 __c.4591
/var/folders/0t/kvl6kk9d4s327fss_3zj34vc3_bfct/T//ccXbkA1c.s:1103   .progmem.data.__c.4593:0000000000000000 __c.4593
/var/folders/0t/kvl6kk9d4s327fss_3zj34vc3_bfct/T//ccXbkA1c.s:1098   .progmem.data.__c.4595:0000000000000000 __c.4595
/var/folders/0t/kvl6kk9d4s327fss_3zj34vc3_bfct/T//ccXbkA1c.s:1093   .progmem.data.__c.4597:0000000000000000 __c.4597
/var/folders/0t/kvl6kk9d4s327fss_3zj34vc3_bfct/T//ccXbkA1c.s:1088   .progmem.data.__c.4599:0000000000000000 __c.4599
/var/folders/0t/kvl6kk9d4s327fss_3zj34vc3_bfct/T//ccXbkA1c.s:1083   .progmem.data.__c.4601:0000000000000000 __c.4601
/var/folders/0t/kvl6kk9d4s327fss_3zj34vc3_bfct/T//ccXbkA1c.s:1078   .progmem.data.__c.4603:0000000000000000 __c.4603
/var/folders/0t/kvl6kk9d4s327fss_3zj34vc3_bfct/T//ccXbkA1c.s:1073   .progmem.data.__c.4605:0000000000000000 __c.4605
/var/folders/0t/kvl6kk9d4s327fss_3zj34vc3_bfct/T//ccXbkA1c.s:1148   .bss.last_timer:0000000000000000 last_timer
/var/folders/0t/kvl6kk9d4s327fss_3zj34vc3_bfct/T//ccXbkA1c.s:834    .text.mousekey_task:0000000000000000 mousekey_task
/var/folders/0t/kvl6kk9d4s327fss_3zj34vc3_bfct/T//ccXbkA1c.s:1178   .data.mk_interval:0000000000000000 mk_interval
/var/folders/0t/kvl6kk9d4s327fss_3zj34vc3_bfct/T//ccXbkA1c.s:1184   .data.mk_delay:0000000000000000 mk_delay
/var/folders/0t/kvl6kk9d4s327fss_3zj34vc3_bfct/T//ccXbkA1c.s:1043   .text.mousekey_clear:0000000000000000 mousekey_clear

UNDEFINED SYMBOLS
__divmodhi4
debug_config
xputs
__xprintf
host_mouse_send
timer_read
__floatsisf
__mulsf3
__fixsfsi
timer_elapsed
__do_copy_data
__do_clear_bss
